#
# There is insufficient memory for the Java Runtime Environment to continue.
# Native memory allocation (malloc) failed to allocate 32744 bytes for ChunkPool::allocate
# Possible reasons:
#   The system is out of physical RAM or swap space
#   The process is running with CompressedOops enabled, and the Java Heap may be blocking the growth of the native heap
# Possible solutions:
#   Reduce memory load on the system
#   Increase physical memory or swap space
#   Check if swap backing store is full
#   Decrease Java heap size (-Xmx/-Xms)
#   Decrease number of Java threads

V  [jvm.dll+0x831444]
V  [jvm.dll+0x832bee]
V  [jvm.dll+0x833253]
V  [jvm.dll+0x244ce5]
V  [jvm.dll+0xabdcc]
V  [jvm.dll+0xac17c]
V  [jvm.dll+0x36ab67]
V  [jvm.dll+0x38b42f]
V  [jvm.dll+0x6bf500]
V  [jvm.dll+0x40b22e]
V  [jvm.dll+0x41635d]
C  0x0000029429ded601

Java frames: (J=compiled Java code, j=interpreted, Vv=VM code)
j  java.lang.Class.getDeclaredConstructors0(Z)[Ljava/lang/reflect/Constructor;+0 java.base@17.0.5
j  java.lang.Class.privateGetDeclaredConstructors(Z)[Ljava/lang/reflect/Constructor;+52 java.base@17.0.5
j  java.lang.Class.getDeclaredConstructors()[Ljava/lang/reflect/Constructor;+20 java.base@17.0.5
j  java.lang.invoke.InnerClassLambdaMetafactory$1.run()[Ljava/lang/reflect/Constructor;+4 java.base@17.0.5
j  java.lang.invoke.InnerClassLambdaMetafactory$1.run()Ljava/lang/Object;+1 java.base@17.0.5
J 646 c1 java.security.AccessController.doPrivileged(Ljava/security/PrivilegedAction;)Ljava/lang/Object; java.base@17.0.5 (9 bytes) @ 0x000002942a48143c [0x000002942a4812e0+0x000000000000015c]
j  java.lang.invoke.InnerClassLambdaMetafactory.buildCallSite()Ljava/lang/invoke/CallSite;+67 java.base@17.0.5
j  java.lang.invoke.LambdaMetafactory.metafactory(Ljava/lang/invoke/MethodHandles$Lookup;Ljava/lang/String;Ljava/lang/invoke/MethodType;Ljava/lang/invoke/MethodType;Ljava/lang/invoke/MethodHandle;Ljava/lang/invoke/MethodType;)Ljava/lang/invoke/CallSite;+67 java.base@17.0.5
j  java.lang.invoke.LambdaForm$DMH+0x0000000100141000.invokeStatic(Ljava/lang/Object;Ljava/lang/Object;Ljava/lang/Object;Ljava/lang/Object;Ljava/lang/Object;Ljava/lang/Object;Ljava/lang/Object;)Ljava/lang/Object;+27 java.base@17.0.5
j  java.lang.invoke.Invokers$Holder.invokeExact_MT(Ljava/lang/Object;Ljava/lang/Object;Ljava/lang/Object;Ljava/lang/Object;Ljava/lang/Object;Ljava/lang/Object;Ljava/lang/Object;Ljava/lang/Object;)Ljava/lang/Object;+28 java.base@17.0.5
j  java.lang.invoke.BootstrapMethodInvoker.invoke(Ljava/lang/Class;Ljava/lang/invoke/MethodHandle;Ljava/lang/String;Ljava/lang/Object;Ljava/lang/Object;Ljava/lang/Class;)Ljava/lang/Object;+319 java.base@17.0.5
j  java.lang.invoke.CallSite.makeSite(Ljava/lang/invoke/MethodHandle;Ljava/lang/String;Ljava/lang/invoke/MethodType;Ljava/lang/Object;Ljava/lang/Class;)Ljava/lang/invoke/CallSite;+8 java.base@17.0.5
j  java.lang.invoke.MethodHandleNatives.linkCallSiteImpl(Ljava/lang/Class;Ljava/lang/invoke/MethodHandle;Ljava/lang/String;Ljava/lang/invoke/MethodType;Ljava/lang/Object;[Ljava/lang/Object;)Ljava/lang/invoke/MemberName;+6 java.base@17.0.5
j  java.lang.invoke.MethodHandleNatives.linkCallSite(Ljava/lang/Object;ILjava/lang/Object;Ljava/lang/Object;Ljava/lang/Object;Ljava/lang/Object;[Ljava/lang/Object;)Ljava/lang/invoke/MemberName;+46 java.base@17.0.5
v  ~StubRoutines::call_stub
j  sun.awt.windows.WToolkit.displayChanged()V+0 java.desktop@17.0.5
v  ~StubRoutines::call_stub
j  sun.awt.windows.WToolkit.eventLoop()V+0 java.desktop@17.0.5
j  sun.awt.windows.WToolkit.run()V+50 java.desktop@17.0.5
j  java.lang.Thread.run()V+11 java.base@17.0.5
v  ~StubRoutines::call_stub

---------------  P R O C E S S  ---------------

Threads class SMR info:
_java_thread_list=0x00000294418d4250, length=17, elements={
0x00000294405494d0, 0x000002944054a530, 0x000002944103d680, 0x000002944103df40,
0x000002944103f5b0, 0x0000029441043f20, 0x0000029441045a50, 0x0000029441049b10,
0x000002944105e410, 0x00000294411d55b0, 0x00000294411d68f0, 0x00000294411d50e0,
0x00000294411d8100, 0x00000294411d85d0, 0x00000294411d5f50, 0x00000294411d7760,
0x00000294418f5f80
}

Java Threads: ( => current thread )
  0x00000294405494d0 JavaThread "Reference Handler" daemon [_thread_blocked, id=21244, stack(0x0000009abbd00000,0x0000009abbe00000)]
  0x000002944054a530 JavaThread "Finalizer" daemon [_thread_blocked, id=21048, stack(0x0000009abbe00000,0x0000009abbf00000)]
  0x000002944103d680 JavaThread "Signal Dispatcher" daemon [_thread_blocked, id=21204, stack(0x0000009abbf00000,0x0000009abc000000)]
  0x000002944103df40 JavaThread "Attach Listener" daemon [_thread_blocked, id=22640, stack(0x0000009abc000000,0x0000009abc100000)]
  0x000002944103f5b0 JavaThread "Service Thread" daemon [_thread_blocked, id=4584, stack(0x0000009abc100000,0x0000009abc200000)]
  0x0000029441043f20 JavaThread "Monitor Deflation Thread" daemon [_thread_blocked, id=22696, stack(0x0000009abc200000,0x0000009abc300000)]
  0x0000029441045a50 JavaThread "C2 CompilerThread0" daemon [_thread_blocked, id=22608, stack(0x0000009abc300000,0x0000009abc400000)]
  0x0000029441049b10 JavaThread "C1 CompilerThread0" daemon [_thread_blocked, id=21752, stack(0x0000009abc400000,0x0000009abc500000)]
  0x000002944105e410 JavaThread "Sweeper thread" daemon [_thread_blocked, id=20012, stack(0x0000009abc500000,0x0000009abc600000)]
  0x00000294411d55b0 JavaThread "Notification Thread" daemon [_thread_blocked, id=21124, stack(0x0000009abc600000,0x0000009abc700000)]
  0x00000294411d68f0 JavaThread "Common-Cleaner" daemon [_thread_blocked, id=23244, stack(0x0000009abc800000,0x0000009abc900000)]
  0x00000294411d50e0 JavaThread "Java2D Disposer" daemon [_thread_blocked, id=1416, stack(0x0000009abc900000,0x0000009abca00000)]
  0x00000294411d8100 JavaThread "AWT-Shutdown" [_thread_blocked, id=23248, stack(0x0000009abca00000,0x0000009abcb00000)]
=>0x00000294411d85d0 JavaThread "AWT-Windows" daemon [_thread_in_vm, id=23316, stack(0x0000009abcb00000,0x0000009abcc00000)]
  0x00000294411d5f50 JavaThread "AWT-EventQueue-0" [_thread_blocked, id=22848, stack(0x0000009abcd00000,0x0000009abce00000)]
  0x00000294411d7760 JavaThread "DestroyJavaVM" [_thread_blocked, id=22124, stack(0x0000009abb600000,0x0000009abb700000)]
  0x00000294418f5f80 JavaThread "TimerQueue" daemon [_thread_blocked, id=20892, stack(0x0000009abce00000,0x0000009abcf00000)]

Other Threads:
  0x00000294405437d0 VMThread "VM Thread" [stack: 0x0000009abbc00000,0x0000009abbd00000] [id=15572]
  0x00000294267b8420 WatcherThread [stack: 0x0000009abc700000,0x0000009abc800000] [id=20756]
  0x0000029426781fe0 GCTaskThread "GC Thread#0" [stack: 0x0000009abb700000,0x0000009abb800000] [id=19740]
  0x00000294267af130 ConcurrentGCThread "G1 Main Marker" [stack: 0x0000009abb800000,0x0000009abb900000] [id=6716]
  0x00000294267afa50 ConcurrentGCThread "G1 Conc#0" [stack: 0x0000009abb900000,0x0000009abba00000] [id=10492]
  0x00000294267ee150 ConcurrentGCThread "G1 Refine#0" [stack: 0x0000009abba00000,0x0000009abbb00000] [id=21672]
  0x00000294267ee980 ConcurrentGCThread "G1 Service" [stack: 0x0000009abbb00000,0x0000009abbc00000] [id=22436]

Threads with active compile tasks:

VM state: not at safepoint (normal execution)

VM Mutex/Monitor currently owned by a thread: None

Heap address: 0x0000000084000000, size: 1984 MB, Compressed Oops mode: 32-bit

CDS archive(s) not mapped
Compressed class space mapped at: 0x0000000100000000-0x0000000140000000, reserved size: 1073741824
Narrow klass base: 0x0000000000000000, Narrow klass shift: 3, Narrow klass range: 0x140000000

GC Precious Log:
 CPUs: 8 total, 8 available
 Memory: 7932M
 Large Page Support: Disabled
 NUMA Support: Disabled
 Compressed Oops: Enabled (32-bit)
 Heap Region Size: 1M
 Heap Min Capacity: 8M
 Heap Initial Capacity: 124M
 Heap Max Capacity: 1984M
 Pre-touch: Disabled
 Parallel Workers: 8
 Concurrent Workers: 2
 Concurrent Refinement Workers: 8
 Periodic GC: Disabled

Heap:
 garbage-first heap   total 126976K, used 15360K [0x0000000084000000, 0x0000000100000000)
  region size 1024K, 11 young (11264K), 0 survivors (0K)
 Metaspace       used 17534K, committed 17792K, reserved 1064960K
  class space    used 1859K, committed 1984K, reserved 1048576K

Heap Regions: E=young(eden), S=young(survivor), O=old, HS=humongous(starts), HC=humongous(continues), CS=collection set, F=free, OA=open archive, CA=closed archive, TAMS=top-at-mark-start (previous, next)
|   0|0x0000000084000000, 0x0000000084100000, 0x0000000084100000|100%|HS|  |TAMS 0x0000000084000000, 0x0000000084000000| Complete 
|   1|0x0000000084100000, 0x0000000084200000, 0x0000000084200000|100%|HC|  |TAMS 0x0000000084100000, 0x0000000084100000| Complete 
|   2|0x0000000084200000, 0x0000000084300000, 0x0000000084300000|100%|HC|  |TAMS 0x0000000084200000, 0x0000000084200000| Complete 
|   3|0x0000000084300000, 0x0000000084400000, 0x0000000084400000|100%|HC|  |TAMS 0x0000000084300000, 0x0000000084300000| Complete 
|   4|0x0000000084400000, 0x0000000084500000, 0x0000000084500000|100%|HC|  |TAMS 0x0000000084400000, 0x0000000084400000| Complete 
|   5|0x0000000084500000, 0x0000000084500000, 0x0000000084600000|  0%| F|  |TAMS 0x0000000084500000, 0x0000000084500000| Untracked 
|   6|0x0000000084600000, 0x0000000084600000, 0x0000000084700000|  0%| F|  |TAMS 0x0000000084600000, 0x0000000084600000| Untracked 
|   7|0x0000000084700000, 0x0000000084700000, 0x0000000084800000|  0%| F|  |TAMS 0x0000000084700000, 0x0000000084700000| Untracked 
|   8|0x0000000084800000, 0x0000000084800000, 0x0000000084900000|  0%| F|  |TAMS 0x0000000084800000, 0x0000000084800000| Untracked 
|   9|0x0000000084900000, 0x0000000084900000, 0x0000000084a00000|  0%| F|  |TAMS 0x0000000084900000, 0x0000000084900000| Untracked 
|  10|0x0000000084a00000, 0x0000000084a00000, 0x0000000084b00000|  0%| F|  |TAMS 0x0000000084a00000, 0x0000000084a00000| Untracked 
|  11|0x0000000084b00000, 0x0000000084b00000, 0x0000000084c00000|  0%| F|  |TAMS 0x0000000084b00000, 0x0000000084b00000| Untracked 
|  12|0x0000000084c00000, 0x0000000084c00000, 0x0000000084d00000|  0%| F|  |TAMS 0x0000000084c00000, 0x0000000084c00000| Untracked 
|  13|0x0000000084d00000, 0x0000000084d00000, 0x0000000084e00000|  0%| F|  |TAMS 0x0000000084d00000, 0x0000000084d00000| Untracked 
|  14|0x0000000084e00000, 0x0000000084e00000, 0x0000000084f00000|  0%| F|  |TAMS 0x0000000084e00000, 0x0000000084e00000| Untracked 
|  15|0x0000000084f00000, 0x0000000084f00000, 0x0000000085000000|  0%| F|  |TAMS 0x0000000084f00000, 0x0000000084f00000| Untracked 
|  16|0x0000000085000000, 0x0000000085000000, 0x0000000085100000|  0%| F|  |TAMS 0x0000000085000000, 0x0000000085000000| Untracked 
|  17|0x0000000085100000, 0x0000000085100000, 0x0000000085200000|  0%| F|  |TAMS 0x0000000085100000, 0x0000000085100000| Untracked 
|  18|0x0000000085200000, 0x0000000085200000, 0x0000000085300000|  0%| F|  |TAMS 0x0000000085200000, 0x0000000085200000| Untracked 
|  19|0x0000000085300000, 0x0000000085300000, 0x0000000085400000|  0%| F|  |TAMS 0x0000000085300000, 0x0000000085300000| Untracked 
|  20|0x0000000085400000, 0x0000000085400000, 0x0000000085500000|  0%| F|  |TAMS 0x0000000085400000, 0x0000000085400000| Untracked 
|  21|0x0000000085500000, 0x0000000085500000, 0x0000000085600000|  0%| F|  |TAMS 0x0000000085500000, 0x0000000085500000| Untracked 
|  22|0x0000000085600000, 0x0000000085600000, 0x0000000085700000|  0%| F|  |TAMS 0x0000000085600000, 0x0000000085600000| Untracked 
|  23|0x0000000085700000, 0x0000000085700000, 0x0000000085800000|  0%| F|  |TAMS 0x0000000085700000, 0x0000000085700000| Untracked 
|  24|0x0000000085800000, 0x0000000085800000, 0x0000000085900000|  0%| F|  |TAMS 0x0000000085800000, 0x0000000085800000| Untracked 
|  25|0x0000000085900000, 0x0000000085900000, 0x0000000085a00000|  0%| F|  |TAMS 0x0000000085900000, 0x0000000085900000| Untracked 
|  26|0x0000000085a00000, 0x0000000085a00000, 0x0000000085b00000|  0%| F|  |TAMS 0x0000000085a00000, 0x0000000085a00000| Untracked 
|  27|0x0000000085b00000, 0x0000000085b00000, 0x0000000085c00000|  0%| F|  |TAMS 0x0000000085b00000, 0x0000000085b00000| Untracked 
|  28|0x0000000085c00000, 0x0000000085c00000, 0x0000000085d00000|  0%| F|  |TAMS 0x0000000085c00000, 0x0000000085c00000| Untracked 
|  29|0x0000000085d00000, 0x0000000085d00000, 0x0000000085e00000|  0%| F|  |TAMS 0x0000000085d00000, 0x0000000085d00000| Untracked 
|  30|0x0000000085e00000, 0x0000000085e00000, 0x0000000085f00000|  0%| F|  |TAMS 0x0000000085e00000, 0x0000000085e00000| Untracked 
|  31|0x0000000085f00000, 0x0000000085f00000, 0x0000000086000000|  0%| F|  |TAMS 0x0000000085f00000, 0x0000000085f00000| Untracked 
|  32|0x0000000086000000, 0x0000000086000000, 0x0000000086100000|  0%| F|  |TAMS 0x0000000086000000, 0x0000000086000000| Untracked 
|  33|0x0000000086100000, 0x0000000086100000, 0x0000000086200000|  0%| F|  |TAMS 0x0000000086100000, 0x0000000086100000| Untracked 
|  34|0x0000000086200000, 0x0000000086200000, 0x0000000086300000|  0%| F|  |TAMS 0x0000000086200000, 0x0000000086200000| Untracked 
|  35|0x0000000086300000, 0x0000000086300000, 0x0000000086400000|  0%| F|  |TAMS 0x0000000086300000, 0x0000000086300000| Untracked 
|  36|0x0000000086400000, 0x0000000086400000, 0x0000000086500000|  0%| F|  |TAMS 0x0000000086400000, 0x0000000086400000| Untracked 
|  37|0x0000000086500000, 0x0000000086500000, 0x0000000086600000|  0%| F|  |TAMS 0x0000000086500000, 0x0000000086500000| Untracked 
|  38|0x0000000086600000, 0x0000000086600000, 0x0000000086700000|  0%| F|  |TAMS 0x0000000086600000, 0x0000000086600000| Untracked 
|  39|0x0000000086700000, 0x0000000086700000, 0x0000000086800000|  0%| F|  |TAMS 0x0000000086700000, 0x0000000086700000| Untracked 
|  40|0x0000000086800000, 0x0000000086800000, 0x0000000086900000|  0%| F|  |TAMS 0x0000000086800000, 0x0000000086800000| Untracked 
|  41|0x0000000086900000, 0x0000000086900000, 0x0000000086a00000|  0%| F|  |TAMS 0x0000000086900000, 0x0000000086900000| Untracked 
|  42|0x0000000086a00000, 0x0000000086a00000, 0x0000000086b00000|  0%| F|  |TAMS 0x0000000086a00000, 0x0000000086a00000| Untracked 
|  43|0x0000000086b00000, 0x0000000086b00000, 0x0000000086c00000|  0%| F|  |TAMS 0x0000000086b00000, 0x0000000086b00000| Untracked 
|  44|0x0000000086c00000, 0x0000000086c00000, 0x0000000086d00000|  0%| F|  |TAMS 0x0000000086c00000, 0x0000000086c00000| Untracked 
|  45|0x0000000086d00000, 0x0000000086d00000, 0x0000000086e00000|  0%| F|  |TAMS 0x0000000086d00000, 0x0000000086d00000| Untracked 
|  46|0x0000000086e00000, 0x0000000086e00000, 0x0000000086f00000|  0%| F|  |TAMS 0x0000000086e00000, 0x0000000086e00000| Untracked 
|  47|0x0000000086f00000, 0x0000000086f00000, 0x0000000087000000|  0%| F|  |TAMS 0x0000000086f00000, 0x0000000086f00000| Untracked 
|  48|0x0000000087000000, 0x0000000087000000, 0x0000000087100000|  0%| F|  |TAMS 0x0000000087000000, 0x0000000087000000| Untracked 
|  49|0x0000000087100000, 0x0000000087100000, 0x0000000087200000|  0%| F|  |TAMS 0x0000000087100000, 0x0000000087100000| Untracked 
|  50|0x0000000087200000, 0x0000000087200000, 0x0000000087300000|  0%| F|  |TAMS 0x0000000087200000, 0x0000000087200000| Untracked 
|  51|0x0000000087300000, 0x0000000087300000, 0x0000000087400000|  0%| F|  |TAMS 0x0000000087300000, 0x0000000087300000| Untracked 
|  52|0x0000000087400000, 0x0000000087400000, 0x0000000087500000|  0%| F|  |TAMS 0x0000000087400000, 0x0000000087400000| Untracked 
|  53|0x0000000087500000, 0x0000000087500000, 0x0000000087600000|  0%| F|  |TAMS 0x0000000087500000, 0x0000000087500000| Untracked 
|  54|0x0000000087600000, 0x0000000087600000, 0x0000000087700000|  0%| F|  |TAMS 0x0000000087600000, 0x0000000087600000| Untracked 
|  55|0x0000000087700000, 0x0000000087700000, 0x0000000087800000|  0%| F|  |TAMS 0x0000000087700000, 0x0000000087700000| Untracked 
|  56|0x0000000087800000, 0x0000000087800000, 0x0000000087900000|  0%| F|  |TAMS 0x0000000087800000, 0x0000000087800000| Untracked 
|  57|0x0000000087900000, 0x0000000087900000, 0x0000000087a00000|  0%| F|  |TAMS 0x0000000087900000, 0x0000000087900000| Untracked 
|  58|0x0000000087a00000, 0x0000000087a00000, 0x0000000087b00000|  0%| F|  |TAMS 0x0000000087a00000, 0x0000000087a00000| Untracked 
|  59|0x0000000087b00000, 0x0000000087b00000, 0x0000000087c00000|  0%| F|  |TAMS 0x0000000087b00000, 0x0000000087b00000| Untracked 
|  60|0x0000000087c00000, 0x0000000087c00000, 0x0000000087d00000|  0%| F|  |TAMS 0x0000000087c00000, 0x0000000087c00000| Untracked 
|  61|0x0000000087d00000, 0x0000000087d00000, 0x0000000087e00000|  0%| F|  |TAMS 0x0000000087d00000, 0x0000000087d00000| Untracked 
|  62|0x0000000087e00000, 0x0000000087e00000, 0x0000000087f00000|  0%| F|  |TAMS 0x0000000087e00000, 0x0000000087e00000| Untracked 
|  63|0x0000000087f00000, 0x0000000087f00000, 0x0000000088000000|  0%| F|  |TAMS 0x0000000087f00000, 0x0000000087f00000| Untracked 
|  64|0x0000000088000000, 0x0000000088000000, 0x0000000088100000|  0%| F|  |TAMS 0x0000000088000000, 0x0000000088000000| Untracked 
|  65|0x0000000088100000, 0x0000000088100000, 0x0000000088200000|  0%| F|  |TAMS 0x0000000088100000, 0x0000000088100000| Untracked 
|  66|0x0000000088200000, 0x0000000088200000, 0x0000000088300000|  0%| F|  |TAMS 0x0000000088200000, 0x0000000088200000| Untracked 
|  67|0x0000000088300000, 0x0000000088300000, 0x0000000088400000|  0%| F|  |TAMS 0x0000000088300000, 0x0000000088300000| Untracked 
|  68|0x0000000088400000, 0x0000000088400000, 0x0000000088500000|  0%| F|  |TAMS 0x0000000088400000, 0x0000000088400000| Untracked 
|  69|0x0000000088500000, 0x0000000088500000, 0x0000000088600000|  0%| F|  |TAMS 0x0000000088500000, 0x0000000088500000| Untracked 
|  70|0x0000000088600000, 0x0000000088600000, 0x0000000088700000|  0%| F|  |TAMS 0x0000000088600000, 0x0000000088600000| Untracked 
|  71|0x0000000088700000, 0x0000000088700000, 0x0000000088800000|  0%| F|  |TAMS 0x0000000088700000, 0x0000000088700000| Untracked 
|  72|0x0000000088800000, 0x0000000088800000, 0x0000000088900000|  0%| F|  |TAMS 0x0000000088800000, 0x0000000088800000| Untracked 
|  73|0x0000000088900000, 0x0000000088900000, 0x0000000088a00000|  0%| F|  |TAMS 0x0000000088900000, 0x0000000088900000| Untracked 
|  74|0x0000000088a00000, 0x0000000088a00000, 0x0000000088b00000|  0%| F|  |TAMS 0x0000000088a00000, 0x0000000088a00000| Untracked 
|  75|0x0000000088b00000, 0x0000000088b00000, 0x0000000088c00000|  0%| F|  |TAMS 0x0000000088b00000, 0x0000000088b00000| Untracked 
|  76|0x0000000088c00000, 0x0000000088c00000, 0x0000000088d00000|  0%| F|  |TAMS 0x0000000088c00000, 0x0000000088c00000| Untracked 
|  77|0x0000000088d00000, 0x0000000088d00000, 0x0000000088e00000|  0%| F|  |TAMS 0x0000000088d00000, 0x0000000088d00000| Untracked 
|  78|0x0000000088e00000, 0x0000000088e00000, 0x0000000088f00000|  0%| F|  |TAMS 0x0000000088e00000, 0x0000000088e00000| Untracked 
|  79|0x0000000088f00000, 0x0000000088f00000, 0x0000000089000000|  0%| F|  |TAMS 0x0000000088f00000, 0x0000000088f00000| Untracked 
|  80|0x0000000089000000, 0x0000000089000000, 0x0000000089100000|  0%| F|  |TAMS 0x0000000089000000, 0x0000000089000000| Untracked 
|  81|0x0000000089100000, 0x0000000089100000, 0x0000000089200000|  0%| F|  |TAMS 0x0000000089100000, 0x0000000089100000| Untracked 
|  82|0x0000000089200000, 0x0000000089200000, 0x0000000089300000|  0%| F|  |TAMS 0x0000000089200000, 0x0000000089200000| Untracked 
|  83|0x0000000089300000, 0x0000000089300000, 0x0000000089400000|  0%| F|  |TAMS 0x0000000089300000, 0x0000000089300000| Untracked 
|  84|0x0000000089400000, 0x0000000089400000, 0x0000000089500000|  0%| F|  |TAMS 0x0000000089400000, 0x0000000089400000| Untracked 
|  85|0x0000000089500000, 0x0000000089500000, 0x0000000089600000|  0%| F|  |TAMS 0x0000000089500000, 0x0000000089500000| Untracked 
|  86|0x0000000089600000, 0x0000000089600000, 0x0000000089700000|  0%| F|  |TAMS 0x0000000089600000, 0x0000000089600000| Untracked 
|  87|0x0000000089700000, 0x0000000089700000, 0x0000000089800000|  0%| F|  |TAMS 0x0000000089700000, 0x0000000089700000| Untracked 
|  88|0x0000000089800000, 0x0000000089800000, 0x0000000089900000|  0%| F|  |TAMS 0x0000000089800000, 0x0000000089800000| Untracked 
|  89|0x0000000089900000, 0x0000000089900000, 0x0000000089a00000|  0%| F|  |TAMS 0x0000000089900000, 0x0000000089900000| Untracked 
|  90|0x0000000089a00000, 0x0000000089a00000, 0x0000000089b00000|  0%| F|  |TAMS 0x0000000089a00000, 0x0000000089a00000| Untracked 
|  91|0x0000000089b00000, 0x0000000089b00000, 0x0000000089c00000|  0%| F|  |TAMS 0x0000000089b00000, 0x0000000089b00000| Untracked 
|  92|0x0000000089c00000, 0x0000000089c00000, 0x0000000089d00000|  0%| F|  |TAMS 0x0000000089c00000, 0x0000000089c00000| Untracked 
|  93|0x0000000089d00000, 0x0000000089d00000, 0x0000000089e00000|  0%| F|  |TAMS 0x0000000089d00000, 0x0000000089d00000| Untracked 
|  94|0x0000000089e00000, 0x0000000089e00000, 0x0000000089f00000|  0%| F|  |TAMS 0x0000000089e00000, 0x0000000089e00000| Untracked 
|  95|0x0000000089f00000, 0x0000000089f00000, 0x000000008a000000|  0%| F|  |TAMS 0x0000000089f00000, 0x0000000089f00000| Untracked 
|  96|0x000000008a000000, 0x000000008a000000, 0x000000008a100000|  0%| F|  |TAMS 0x000000008a000000, 0x000000008a000000| Untracked 
|  97|0x000000008a100000, 0x000000008a100000, 0x000000008a200000|  0%| F|  |TAMS 0x000000008a100000, 0x000000008a100000| Untracked 
|  98|0x000000008a200000, 0x000000008a200000, 0x000000008a300000|  0%| F|  |TAMS 0x000000008a200000, 0x000000008a200000| Untracked 
|  99|0x000000008a300000, 0x000000008a300000, 0x000000008a400000|  0%| F|  |TAMS 0x000000008a300000, 0x000000008a300000| Untracked 
| 100|0x000000008a400000, 0x000000008a400000, 0x000000008a500000|  0%| F|  |TAMS 0x000000008a400000, 0x000000008a400000| Untracked 
| 101|0x000000008a500000, 0x000000008a500000, 0x000000008a600000|  0%| F|  |TAMS 0x000000008a500000, 0x000000008a500000| Untracked 
| 102|0x000000008a600000, 0x000000008a600000, 0x000000008a700000|  0%| F|  |TAMS 0x000000008a600000, 0x000000008a600000| Untracked 
| 103|0x000000008a700000, 0x000000008a700000, 0x000000008a800000|  0%| F|  |TAMS 0x000000008a700000, 0x000000008a700000| Untracked 
| 104|0x000000008a800000, 0x000000008a800000, 0x000000008a900000|  0%| F|  |TAMS 0x000000008a800000, 0x000000008a800000| Untracked 
| 105|0x000000008a900000, 0x000000008a900000, 0x000000008aa00000|  0%| F|  |TAMS 0x000000008a900000, 0x000000008a900000| Untracked 
| 106|0x000000008aa00000, 0x000000008aa00000, 0x000000008ab00000|  0%| F|  |TAMS 0x000000008aa00000, 0x000000008aa00000| Untracked 
| 107|0x000000008ab00000, 0x000000008ab00000, 0x000000008ac00000|  0%| F|  |TAMS 0x000000008ab00000, 0x000000008ab00000| Untracked 
| 108|0x000000008ac00000, 0x000000008ac00000, 0x000000008ad00000|  0%| F|  |TAMS 0x000000008ac00000, 0x000000008ac00000| Untracked 
| 109|0x000000008ad00000, 0x000000008ad00000, 0x000000008ae00000|  0%| F|  |TAMS 0x000000008ad00000, 0x000000008ad00000| Untracked 
| 110|0x000000008ae00000, 0x000000008ae00000, 0x000000008af00000|  0%| F|  |TAMS 0x000000008ae00000, 0x000000008ae00000| Untracked 
| 111|0x000000008af00000, 0x000000008af00000, 0x000000008b000000|  0%| F|  |TAMS 0x000000008af00000, 0x000000008af00000| Untracked 
| 112|0x000000008b000000, 0x000000008b000000, 0x000000008b100000|  0%| F|  |TAMS 0x000000008b000000, 0x000000008b000000| Untracked 
| 113|0x000000008b100000, 0x000000008b176448, 0x000000008b200000| 46%| E|  |TAMS 0x000000008b100000, 0x000000008b100000| Complete 
| 114|0x000000008b200000, 0x000000008b300000, 0x000000008b300000|100%| E|CS|TAMS 0x000000008b200000, 0x000000008b200000| Complete 
| 115|0x000000008b300000, 0x000000008b400000, 0x000000008b400000|100%| E|CS|TAMS 0x000000008b300000, 0x000000008b300000| Complete 
| 116|0x000000008b400000, 0x000000008b500000, 0x000000008b500000|100%| E|CS|TAMS 0x000000008b400000, 0x000000008b400000| Complete 
| 117|0x000000008b500000, 0x000000008b600000, 0x000000008b600000|100%| E|CS|TAMS 0x000000008b500000, 0x000000008b500000| Complete 
| 118|0x000000008b600000, 0x000000008b700000, 0x000000008b700000|100%| E|CS|TAMS 0x000000008b600000, 0x000000008b600000| Complete 
| 119|0x000000008b700000, 0x000000008b800000, 0x000000008b800000|100%| E|CS|TAMS 0x000000008b700000, 0x000000008b700000| Complete 
| 120|0x000000008b800000, 0x000000008b900000, 0x000000008b900000|100%| E|CS|TAMS 0x000000008b800000, 0x000000008b800000| Complete 
| 121|0x000000008b900000, 0x000000008ba00000, 0x000000008ba00000|100%| E|CS|TAMS 0x000000008b900000, 0x000000008b900000| Complete 
| 122|0x000000008ba00000, 0x000000008bb00000, 0x000000008bb00000|100%| E|CS|TAMS 0x000000008ba00000, 0x000000008ba00000| Complete 
| 123|0x000000008bb00000, 0x000000008bc00000, 0x000000008bc00000|100%| E|CS|TAMS 0x000000008bb00000, 0x000000008bb00000| Complete 

Card table byte_map: [0x0000029439500000,0x00000294398e0000] _byte_map_base: 0x00000294390e0000

Marking Bits (Prev, Next): (CMBitMap*) 0x0000029426782500, (CMBitMap*) 0x0000029426782540
 Prev Bits: [0x0000029439cc0000, 0x000002943bbc0000)
 Next Bits: [0x000002943bbc0000, 0x000002943dac0000)

Polling page: 0x00000294246c0000

Metaspace:

Usage:
  Non-class:     15.31 MB used.
      Class:      1.82 MB used.
       Both:     17.12 MB used.

Virtual space:
  Non-class space:       16.00 MB reserved,      15.44 MB ( 96%) committed,  2 nodes.
      Class space:        1.00 GB reserved,       1.94 MB ( <1%) committed,  1 nodes.
             Both:        1.02 GB reserved,      17.38 MB (  2%) committed. 

Chunk freelists:
   Non-Class:  497.00 KB
       Class:  2.12 MB
        Both:  2.60 MB

MaxMetaspaceSize: unlimited
CompressedClassSpaceSize: 1.00 GB
Initial GC threshold: 21.00 MB
Current GC threshold: 21.00 MB
CDS: off
MetaspaceReclaimPolicy: balanced
 - commit_granule_bytes: 65536.
 - commit_granule_words: 8192.
 - virtual_space_node_default_size: 1048576.
 - enlarge_chunks_in_place: 1.
 - new_chunks_are_fully_committed: 0.
 - uncommit_free_chunks: 1.
 - use_allocation_guard: 0.
 - handle_deallocations: 1.


Internal statistics:

num_allocs_failed_limit: 0.
num_arena_births: 118.
num_arena_deaths: 0.
num_vsnodes_births: 3.
num_vsnodes_deaths: 0.
num_space_committed: 278.
num_space_uncommitted: 0.
num_chunks_returned_to_freelist: 0.
num_chunks_taken_from_freelist: 216.
num_chunk_merges: 0.
num_chunk_splits: 101.
num_chunks_enlarged: 30.
num_purges: 0.
num_inconsistent_stats: 0.

CodeHeap 'non-profiled nmethods': size=120000Kb used=353Kb max_used=353Kb free=119646Kb
 bounds [0x00000294318b0000, 0x0000029431b20000, 0x0000029438de0000]
CodeHeap 'profiled nmethods': size=120000Kb used=2394Kb max_used=2394Kb free=117605Kb
 bounds [0x000002942a380000, 0x000002942a5f0000, 0x00000294318b0000]
CodeHeap 'non-nmethods': size=5760Kb used=1297Kb max_used=1314Kb free=4462Kb
 bounds [0x0000029429de0000, 0x000002942a050000, 0x000002942a380000]
 total_blobs=1995 nmethods=1377 adapters=531
 compilation: enabled
              stopped_count=0, restarted_count=0
 full_count=0

Compilation events (20 events):
Event: 12.830 Thread 0x0000029441049b10 nmethod 1368 0x000002942a5ce810 code [0x000002942a5ce9a0, 0x000002942a5ceb38]
Event: 12.832 Thread 0x0000029441049b10 1369       3       java.awt.geom.AffineTransform::setToScale (66 bytes)
Event: 12.832 Thread 0x0000029441049b10 nmethod 1369 0x000002942a5cec10 code [0x000002942a5cede0, 0x000002942a5cf058]
Event: 13.010 Thread 0x0000029441049b10 1370       3       sun.awt.SunToolkit::getContainingWindow (24 bytes)
Event: 13.011 Thread 0x0000029441049b10 nmethod 1370 0x000002942a5cf110 code [0x000002942a5cf2c0, 0x000002942a5cf758]
Event: 13.013 Thread 0x0000029441049b10 1371       3       sun.java2d.SunGraphics2D::transformShape (36 bytes)
Event: 13.013 Thread 0x0000029441049b10 nmethod 1371 0x000002942a5cf890 code [0x000002942a5cfa60, 0x000002942a5cfcb8]
Event: 13.013 Thread 0x0000029441049b10 1372       3       sun.java2d.pipe.ValidatePipe::validate (6 bytes)
Event: 13.014 Thread 0x0000029441049b10 nmethod 1372 0x000002942a5cfd90 code [0x000002942a5cff60, 0x000002942a5d02b8]
Event: 13.014 Thread 0x0000029441049b10 1373       3       sun.swing.SwingUtilities2::isScaleChanged (16 bytes)
Event: 13.014 Thread 0x0000029441049b10 nmethod 1373 0x000002942a5d0410 code [0x000002942a5d05c0, 0x000002942a5d0768]
Event: 13.014 Thread 0x0000029441049b10 1374       3       java.awt.geom.AffineTransform::hashCode (87 bytes)
Event: 13.015 Thread 0x0000029441049b10 nmethod 1374 0x000002942a5d0810 code [0x000002942a5d0a40, 0x000002942a5d1598]
Event: 13.015 Thread 0x0000029441049b10 1375       1       javax.swing.AbstractButton::getText (5 bytes)
Event: 13.015 Thread 0x0000029441049b10 nmethod 1375 0x0000029431908190 code [0x0000029431908320, 0x00000294319083f8]
Event: 13.753 Thread 0x0000029441049b10 1376   !   3       sun.awt.GlobalCursorManager$NativeUpdater::postIfNotPending (48 bytes)
Event: 13.754 Thread 0x0000029441049b10 nmethod 1376 0x000002942a5d1790 code [0x000002942a5d1980, 0x000002942a5d2048]
Event: 13.773 Thread 0x0000029441049b10 1377       3       java.awt.LightweightDispatcher::retargetMouseEvent (372 bytes)
Event: 13.775 Thread 0x0000029441049b10 nmethod 1377 0x000002942a5d2310 code [0x000002942a5d2720, 0x000002942a5d5518]
Event: 1576.293 Thread 0x0000029441049b10 1378       3       java.lang.invoke.DirectMethodHandle::preparedLambdaForm (31 bytes)

GC Heap History (0 events):
No events

Dll operation events (9 events):
Event: 0.008 Loaded shared library C:\Users\Simrika\.p2\pool\plugins\org.eclipse.justj.openjdk.hotspot.jre.full.win32.x86_64_17.0.5.v20221102-0933\jre\bin\java.dll
Event: 0.102 Loaded shared library C:\Users\Simrika\.p2\pool\plugins\org.eclipse.justj.openjdk.hotspot.jre.full.win32.x86_64_17.0.5.v20221102-0933\jre\bin\jimage.dll
Event: 0.111 Loaded shared library C:\Users\Simrika\.p2\pool\plugins\org.eclipse.justj.openjdk.hotspot.jre.full.win32.x86_64_17.0.5.v20221102-0933\jre\bin\net.dll
Event: 0.113 Loaded shared library C:\Users\Simrika\.p2\pool\plugins\org.eclipse.justj.openjdk.hotspot.jre.full.win32.x86_64_17.0.5.v20221102-0933\jre\bin\nio.dll
Event: 0.118 Loaded shared library C:\Users\Simrika\.p2\pool\plugins\org.eclipse.justj.openjdk.hotspot.jre.full.win32.x86_64_17.0.5.v20221102-0933\jre\bin\zip.dll
Event: 0.143 Loaded shared library C:\Users\Simrika\.p2\pool\plugins\org.eclipse.justj.openjdk.hotspot.jre.full.win32.x86_64_17.0.5.v20221102-0933\jre\bin\awt.dll
Event: 0.301 Loaded shared library C:\Users\Simrika\.p2\pool\plugins\org.eclipse.justj.openjdk.hotspot.jre.full.win32.x86_64_17.0.5.v20221102-0933\jre\bin\javajpeg.dll
Event: 0.408 Loaded shared library C:\Users\Simrika\.p2\pool\plugins\org.eclipse.justj.openjdk.hotspot.jre.full.win32.x86_64_17.0.5.v20221102-0933\jre\bin\freetype.dll
Event: 0.409 Loaded shared library C:\Users\Simrika\.p2\pool\plugins\org.eclipse.justj.openjdk.hotspot.jre.full.win32.x86_64_17.0.5.v20221102-0933\jre\bin\fontmanager.dll

Deoptimization events (20 events):
Event: 0.580 Thread 0x00000294411d5f50 Uncommon trap: trap_request=0xffffff45 fr.pc=0x00000294318ee064 relative=0x00000000000004a4
Event: 0.580 Thread 0x00000294411d5f50 Uncommon trap: reason=unstable_if action=reinterpret pc=0x00000294318ee064 method=java.lang.StringLatin1.toLowerCase(Ljava/lang/String;[BLjava/util/Locale;)Ljava/lang/String; @ 43 c2
Event: 0.580 Thread 0x00000294411d5f50 DEOPT PACKING pc=0x00000294318ee064 sp=0x0000009abcdfc400
Event: 0.580 Thread 0x00000294411d5f50 DEOPT UNPACKING pc=0x0000029429e35ba3 sp=0x0000009abcdfc370 mode 2
Event: 2.780 Thread 0x00000294411d5f50 Uncommon trap: trap_request=0xffffffde fr.pc=0x00000294318cc7a4 relative=0x00000000000001a4
Event: 2.780 Thread 0x00000294411d5f50 Uncommon trap: reason=class_check action=maybe_recompile pc=0x00000294318cc7a4 method=java.lang.String.equals(Ljava/lang/Object;)Z @ 8 c2
Event: 2.780 Thread 0x00000294411d5f50 DEOPT PACKING pc=0x00000294318cc7a4 sp=0x0000009abcdfe010
Event: 2.780 Thread 0x00000294411d5f50 DEOPT UNPACKING pc=0x0000029429e35ba3 sp=0x0000009abcdfdfb8 mode 2
Event: 2.780 Thread 0x00000294411d5f50 Uncommon trap: trap_request=0xffffffde fr.pc=0x00000294318cc7a4 relative=0x00000000000001a4
Event: 2.780 Thread 0x00000294411d5f50 Uncommon trap: reason=class_check action=maybe_recompile pc=0x00000294318cc7a4 method=java.lang.String.equals(Ljava/lang/Object;)Z @ 8 c2
Event: 2.780 Thread 0x00000294411d5f50 DEOPT PACKING pc=0x00000294318cc7a4 sp=0x0000009abcdfe010
Event: 2.780 Thread 0x00000294411d5f50 DEOPT UNPACKING pc=0x0000029429e35ba3 sp=0x0000009abcdfdfb8 mode 2
Event: 5.008 Thread 0x00000294411d5f50 Uncommon trap: trap_request=0xffffffde fr.pc=0x00000294318cc7a4 relative=0x00000000000001a4
Event: 5.008 Thread 0x00000294411d5f50 Uncommon trap: reason=class_check action=maybe_recompile pc=0x00000294318cc7a4 method=java.lang.String.equals(Ljava/lang/Object;)Z @ 8 c2
Event: 5.008 Thread 0x00000294411d5f50 DEOPT PACKING pc=0x00000294318cc7a4 sp=0x0000009abcdfe090
Event: 5.008 Thread 0x00000294411d5f50 DEOPT UNPACKING pc=0x0000029429e35ba3 sp=0x0000009abcdfe038 mode 2
Event: 5.008 Thread 0x00000294411d5f50 Uncommon trap: trap_request=0xffffffde fr.pc=0x00000294318cc7a4 relative=0x00000000000001a4
Event: 5.008 Thread 0x00000294411d5f50 Uncommon trap: reason=class_check action=maybe_recompile pc=0x00000294318cc7a4 method=java.lang.String.equals(Ljava/lang/Object;)Z @ 8 c2
Event: 5.008 Thread 0x00000294411d5f50 DEOPT PACKING pc=0x00000294318cc7a4 sp=0x0000009abcdfe090
Event: 5.008 Thread 0x00000294411d5f50 DEOPT UNPACKING pc=0x0000029429e35ba3 sp=0x0000009abcdfe038 mode 2

Classes unloaded (0 events):
No events

Classes redefined (0 events):
No events

Internal exceptions (13 events):
Event: 0.136 Thread 0x00000294267263d0 Exception <a 'java/lang/ClassNotFoundException'{0x000000008ba7ad80}: sun/awt/resources/spi/awtProvider> (0x000000008ba7ad80) 
thrown [s\src\hotspot\share\classfile\systemDictionary.cpp, line 256]
Event: 0.158 Thread 0x00000294267263d0 Exception <a 'java/io/FileNotFoundException'{0x000000008bad5500}> (0x000000008bad5500) 
thrown [s\src\hotspot\share\prims\jni.cpp, line 516]
Event: 0.163 Thread 0x00000294267263d0 Exception <a 'java/io/FileNotFoundException'{0x000000008b902c50}> (0x000000008b902c50) 
thrown [s\src\hotspot\share\prims\jni.cpp, line 516]
Event: 0.206 Thread 0x00000294267263d0 Exception <a 'java/lang/NoSuchMethodError'{0x000000008b953750}: 'java.lang.Object java.lang.invoke.DirectMethodHandle$Holder.invokeStaticInit(java.lang.Object)'> (0x000000008b953750) 
thrown [s\src\hotspot\share\interpreter\linkResolver.cpp, line 759]
Event: 0.240 Thread 0x00000294267263d0 Exception <a 'java/lang/NoSuchMethodError'{0x000000008b813900}: 'void java.lang.invoke.DirectMethodHandle$Holder.invokeSpecial(java.lang.Object, java.lang.Object, java.lang.Object)'> (0x000000008b813900) 
thrown [s\src\hotspot\share\interpreter\linkResolver.cpp, line 759]
Event: 0.247 Thread 0x00000294267263d0 Exception <a 'java/lang/NoSuchMethodError'{0x000000008b83da58}: 'java.lang.Object java.lang.invoke.DirectMethodHandle$Holder.newInvokeSpecial(java.lang.Object, java.lang.Object, java.lang.Object, java.lang.Object, java.lang.Object)'> (0x000000008b83da58) 
thrown [s\src\hotspot\share\interpreter\linkResolver.cpp, line 759]
Event: 0.250 Thread 0x00000294267263d0 Exception <a 'java/lang/NoSuchMethodError'{0x000000008b849420}: 'java.lang.Object java.lang.invoke.DirectMethodHandle$Holder.invokeStatic(java.lang.Object, int, java.lang.Object, java.lang.Object, java.lang.Object, java.lang.Object)'> (0x000000008b849420) 
thrown [s\src\hotspot\share\interpreter\linkResolver.cpp, line 759]
Event: 0.254 Thread 0x00000294267263d0 Exception <a 'java/lang/NoSuchMethodError'{0x000000008b86ebe0}: 'java.lang.Object java.lang.invoke.DirectMethodHandle$Holder.invokeStatic(java.lang.Object, int, java.lang.Object)'> (0x000000008b86ebe0) 
thrown [s\src\hotspot\share\interpreter\linkResolver.cpp, line 759]
Event: 0.289 Thread 0x00000294267263d0 Exception <a 'java/lang/ClassNotFoundException'{0x000000008b726ed0}: com/sun/swing/internal/plaf/metal/resources/spi/metalProvider> (0x000000008b726ed0) 
thrown [s\src\hotspot\share\classfile\systemDictionary.cpp, line 256]
Event: 0.290 Thread 0x00000294267263d0 Exception <a 'java/lang/ClassNotFoundException'{0x000000008b72ada8}: com/sun/swing/internal/plaf/basic/resources/spi/basicProvider> (0x000000008b72ada8) 
thrown [s\src\hotspot\share\classfile\systemDictionary.cpp, line 256]
Event: 0.302 Thread 0x00000294411d5a80 Exception <a 'java/lang/NoSuchMethodError'{0x000000008b781fa8}: 'java.lang.Object java.lang.invoke.DirectMethodHandle$Holder.newInvokeSpecial(java.lang.Object, java.lang.Object, java.lang.Object, int, int, int, int, int)'> (0x000000008b781fa8) 
thrown [s\src\hotspot\share\interpreter\linkResolver.cpp, line 759]
Event: 0.461 Thread 0x00000294411d85d0 Exception <a 'java/lang/NoSuchMethodError'{0x000000008b985bf0}: 'void java.lang.invoke.DirectMethodHandle$Holder.invokeVirtual(java.lang.Object, java.lang.Object)'> (0x000000008b985bf0) 
thrown [s\src\hotspot\share\interpreter\linkResolver.cpp, line 759]
Event: 0.473 Thread 0x00000294267263d0 Exception <a 'java/lang/NoSuchMethodError'{0x000000008b495b88}: 'void java.lang.invoke.DirectMethodHandle$Holder.invokeStaticInit(java.lang.Object)'> (0x000000008b495b88) 
thrown [s\src\hotspot\share\interpreter\linkResolver.cpp, line 759]

VM Operations (20 events):
Event: 5.585 Executing VM operation: Cleanup
Event: 5.585 Executing VM operation: Cleanup done
Event: 6.595 Executing VM operation: Cleanup
Event: 6.595 Executing VM operation: Cleanup done
Event: 8.620 Executing VM operation: Cleanup
Event: 8.621 Executing VM operation: Cleanup done
Event: 9.632 Executing VM operation: Cleanup
Event: 9.632 Executing VM operation: Cleanup done
Event: 10.640 Executing VM operation: Cleanup
Event: 10.641 Executing VM operation: Cleanup done
Event: 11.648 Executing VM operation: Cleanup
Event: 11.648 Executing VM operation: Cleanup done
Event: 12.657 Executing VM operation: Cleanup
Event: 12.658 Executing VM operation: Cleanup done
Event: 13.670 Executing VM operation: Cleanup
Event: 13.670 Executing VM operation: Cleanup done
Event: 14.678 Executing VM operation: Cleanup
Event: 14.678 Executing VM operation: Cleanup done
Event: 15.687 Executing VM operation: Cleanup
Event: 15.687 Executing VM operation: Cleanup done

Events (20 events):
Event: 3.942 loading class javax/swing/event/CaretListener done
Event: 3.942 loading class javax/swing/text/DefaultCaret$1
Event: 3.942 loading class javax/swing/text/DefaultCaret$1 done
Event: 3.942 loading class javax/swing/event/ListDataEvent
Event: 3.942 loading class javax/swing/event/ListDataEvent done
Event: 3.942 loading class java/awt/event/ItemEvent
Event: 3.942 loading class java/awt/event/ItemEvent done
Event: 3.944 loading class javax/swing/plaf/basic/BasicPopupMenuUI$MouseGrabber$2
Event: 3.944 loading class javax/swing/plaf/basic/BasicPopupMenuUI$MouseGrabber$2 done
Event: 5.322 Thread 0x00000294411d5a80 Thread exited: 0x00000294411d5a80
Event: 6.902 loading class java/awt/Canvas
Event: 6.903 loading class java/awt/Canvas done
Event: 6.903 loading class java/awt/Scrollbar
Event: 6.903 loading class java/awt/Scrollbar done
Event: 13.982 loading class java/awt/LightweightDispatcher$2
Event: 13.982 loading class java/awt/LightweightDispatcher$2 done
Event: 15.396 loading class java/awt/KeyboardFocusManager$2
Event: 15.396 loading class java/awt/KeyboardFocusManager$2 done
Event: 15.397 loading class sun/awt/SunToolkit$1
Event: 15.398 loading class sun/awt/SunToolkit$1 done


Dynamic libraries:
0x00007ff622120000 - 0x00007ff62212e000 	C:\Users\Simrika\.p2\pool\plugins\org.eclipse.justj.openjdk.hotspot.jre.full.win32.x86_64_17.0.5.v20221102-0933\jre\bin\javaw.exe
0x00007ffe3a750000 - 0x00007ffe3a964000 	C:\WINDOWS\SYSTEM32\ntdll.dll
0x00007ffe39770000 - 0x00007ffe39832000 	C:\WINDOWS\System32\KERNEL32.DLL
0x00007ffe37f50000 - 0x00007ffe382ec000 	C:\WINDOWS\System32\KERNELBASE.dll
0x00007ffe25250000 - 0x00007ffe25267000 	C:\Users\Simrika\.p2\pool\plugins\org.eclipse.justj.openjdk.hotspot.jre.full.win32.x86_64_17.0.5.v20221102-0933\jre\bin\jli.dll
0x00007ffe37b90000 - 0x00007ffe37ca1000 	C:\WINDOWS\System32\ucrtbase.dll
0x00007ffe231f0000 - 0x00007ffe2347e000 	C:\WINDOWS\WinSxS\amd64_microsoft.windows.common-controls_6595b64144ccf1df_6.0.22621.608_none_a9444ca7c10bb01d\COMCTL32.dll
0x00007ffe3a660000 - 0x00007ffe3a707000 	C:\WINDOWS\System32\msvcrt.dll
0x00007ffe25230000 - 0x00007ffe25249000 	C:\Users\Simrika\.p2\pool\plugins\org.eclipse.justj.openjdk.hotspot.jre.full.win32.x86_64_17.0.5.v20221102-0933\jre\bin\VCRUNTIME140.dll
0x00007ffe39d70000 - 0x00007ffe39f1b000 	C:\WINDOWS\System32\USER32.dll
0x00007ffe39070000 - 0x00007ffe39099000 	C:\WINDOWS\System32\GDI32.dll
0x00007ffe382f0000 - 0x00007ffe38316000 	C:\WINDOWS\System32\win32u.dll
0x00007ffe38320000 - 0x00007ffe38433000 	C:\WINDOWS\System32\gdi32full.dll
0x00007ffe38440000 - 0x00007ffe384da000 	C:\WINDOWS\System32\msvcp_win.dll
0x00007ffe39c50000 - 0x00007ffe39c81000 	C:\WINDOWS\System32\IMM32.DLL
0x00007ffe25b30000 - 0x00007ffe25b3c000 	C:\Users\Simrika\.p2\pool\plugins\org.eclipse.justj.openjdk.hotspot.jre.full.win32.x86_64_17.0.5.v20221102-0933\jre\bin\vcruntime140_1.dll
0x00007ffe24c20000 - 0x00007ffe24cb1000 	C:\Users\Simrika\.p2\pool\plugins\org.eclipse.justj.openjdk.hotspot.jre.full.win32.x86_64_17.0.5.v20221102-0933\jre\bin\msvcp140.dll
0x00007ffde49f0000 - 0x00007ffde5634000 	C:\Users\Simrika\.p2\pool\plugins\org.eclipse.justj.openjdk.hotspot.jre.full.win32.x86_64_17.0.5.v20221102-0933\jre\bin\server\jvm.dll
0x00007ffe38560000 - 0x00007ffe3860e000 	C:\WINDOWS\System32\ADVAPI32.dll
0x00007ffe39120000 - 0x00007ffe391c4000 	C:\WINDOWS\System32\sechost.dll
0x00007ffe39f30000 - 0x00007ffe3a047000 	C:\WINDOWS\System32\RPCRT4.dll
0x00007ffe126d0000 - 0x00007ffe126d9000 	C:\WINDOWS\SYSTEM32\WSOCK32.dll
0x00007ffe2e420000 - 0x00007ffe2e454000 	C:\WINDOWS\SYSTEM32\WINMM.dll
0x00007ffe2e670000 - 0x00007ffe2e67a000 	C:\WINDOWS\SYSTEM32\VERSION.dll
0x00007ffe3a100000 - 0x00007ffe3a171000 	C:\WINDOWS\System32\WS2_32.dll
0x00007ffe36cd0000 - 0x00007ffe36ce8000 	C:\WINDOWS\SYSTEM32\kernel.appcore.dll
0x00007ffe306d0000 - 0x00007ffe306da000 	C:\Users\Simrika\.p2\pool\plugins\org.eclipse.justj.openjdk.hotspot.jre.full.win32.x86_64_17.0.5.v20221102-0933\jre\bin\jimage.dll
0x00007ffe35300000 - 0x00007ffe3552e000 	C:\WINDOWS\SYSTEM32\DBGHELP.DLL
0x00007ffe393e0000 - 0x00007ffe39769000 	C:\WINDOWS\System32\combase.dll
0x00007ffe39b00000 - 0x00007ffe39bd7000 	C:\WINDOWS\System32\OLEAUT32.dll
0x00007ffe25ad0000 - 0x00007ffe25b02000 	C:\WINDOWS\SYSTEM32\dbgcore.DLL
0x00007ffe384e0000 - 0x00007ffe3855b000 	C:\WINDOWS\System32\bcryptPrimitives.dll
0x00007ffe2fca0000 - 0x00007ffe2fcc5000 	C:\Users\Simrika\.p2\pool\plugins\org.eclipse.justj.openjdk.hotspot.jre.full.win32.x86_64_17.0.5.v20221102-0933\jre\bin\java.dll
0x00007ffe295c0000 - 0x00007ffe295d8000 	C:\Users\Simrika\.p2\pool\plugins\org.eclipse.justj.openjdk.hotspot.jre.full.win32.x86_64_17.0.5.v20221102-0933\jre\bin\zip.dll
0x00007ffe38640000 - 0x00007ffe38e30000 	C:\WINDOWS\System32\SHELL32.dll
0x00007ffe35bb0000 - 0x00007ffe3647d000 	C:\WINDOWS\SYSTEM32\windows.storage.dll
0x00007ffe35a70000 - 0x00007ffe35bae000 	C:\WINDOWS\SYSTEM32\wintypes.dll
0x00007ffe391d0000 - 0x00007ffe392c1000 	C:\WINDOWS\System32\SHCORE.dll
0x00007ffe39010000 - 0x00007ffe3906e000 	C:\WINDOWS\System32\shlwapi.dll
0x00007ffe37ac0000 - 0x00007ffe37ae1000 	C:\WINDOWS\SYSTEM32\profapi.dll
0x00007ffe25b40000 - 0x00007ffe25b59000 	C:\Users\Simrika\.p2\pool\plugins\org.eclipse.justj.openjdk.hotspot.jre.full.win32.x86_64_17.0.5.v20221102-0933\jre\bin\net.dll
0x00007ffe2ff00000 - 0x00007ffe30037000 	C:\WINDOWS\SYSTEM32\WINHTTP.dll
0x00007ffe37140000 - 0x00007ffe371a9000 	C:\WINDOWS\system32\mswsock.dll
0x00007ffe25210000 - 0x00007ffe25225000 	C:\Users\Simrika\.p2\pool\plugins\org.eclipse.justj.openjdk.hotspot.jre.full.win32.x86_64_17.0.5.v20221102-0933\jre\bin\nio.dll
0x00007ffe07950000 - 0x00007ffe07ade000 	C:\Users\Simrika\.p2\pool\plugins\org.eclipse.justj.openjdk.hotspot.jre.full.win32.x86_64_17.0.5.v20221102-0933\jre\bin\awt.dll
0x00007ffe32270000 - 0x00007ffe32306000 	C:\WINDOWS\SYSTEM32\apphelp.dll
0x00007ffe327b0000 - 0x00007ffe327db000 	C:\WINDOWS\system32\DWMAPI.DLL
0x00007ffe32380000 - 0x00007ffe3242b000 	C:\WINDOWS\system32\uxtheme.dll
0x00007ffdf6f20000 - 0x00007ffdf7020000 	C:\WINDOWS\system32\opengl32.dll
0x00007ffdf8fb0000 - 0x00007ffdf8fdd000 	C:\WINDOWS\SYSTEM32\GLU32.dll
0x00007ffe34ff0000 - 0x00007ffe35026000 	C:\WINDOWS\SYSTEM32\dxcore.dll
0x00007ffe399e0000 - 0x00007ffe39afe000 	C:\WINDOWS\System32\MSCTF.dll
0x00007ffe39840000 - 0x00007ffe399dc000 	C:\WINDOWS\System32\ole32.dll
0x00007ffe24b60000 - 0x00007ffe24b8d000 	C:\Users\Simrika\.p2\pool\plugins\org.eclipse.justj.openjdk.hotspot.jre.full.win32.x86_64_17.0.5.v20221102-0933\jre\bin\javajpeg.dll
0x00007ffe24b90000 - 0x00007ffe24c16000 	C:\Users\Simrika\.p2\pool\plugins\org.eclipse.justj.openjdk.hotspot.jre.full.win32.x86_64_17.0.5.v20221102-0933\jre\bin\freetype.dll
0x00007ffe14920000 - 0x00007ffe149e5000 	C:\Users\Simrika\.p2\pool\plugins\org.eclipse.justj.openjdk.hotspot.jre.full.win32.x86_64_17.0.5.v20221102-0933\jre\bin\fontmanager.dll
0x00007ffe3a050000 - 0x00007ffe3a100000 	C:\WINDOWS\System32\clbcatq.dll
0x00007ffe308e0000 - 0x00007ffe30a90000 	C:\WINDOWS\SYSTEM32\WindowsCodecs.dll
0x00007ffdf3f80000 - 0x00007ffdf3fde000 	C:\WINDOWS\system32\dataexchange.dll
0x00007ffe2cd70000 - 0x00007ffe2cfda000 	C:\WINDOWS\system32\twinapi.appcore.dll
0x00007ffe19b70000 - 0x00007ffe19c9e000 	C:\WINDOWS\SYSTEM32\textinputframework.dll
0x00007ffe31f90000 - 0x00007ffe320c3000 	C:\WINDOWS\SYSTEM32\CoreMessaging.dll
0x00007ffe2de20000 - 0x00007ffe2e18c000 	C:\WINDOWS\SYSTEM32\CoreUIComponents.dll
0x00007ffe373c0000 - 0x00007ffe373cc000 	C:\WINDOWS\SYSTEM32\CRYPTBASE.DLL

dbghelp: loaded successfully - version: 4.0.5 - missing functions: none
symbol engine: initialized successfully - sym options: 0x614 - pdb path: .;C:\Users\Simrika\.p2\pool\plugins\org.eclipse.justj.openjdk.hotspot.jre.full.win32.x86_64_17.0.5.v20221102-0933\jre\bin;C:\WINDOWS\SYSTEM32;C:\WINDOWS\WinSxS\amd64_microsoft.windows.common-controls_6595b64144ccf1df_6.0.22621.608_none_a9444ca7c10bb01d;C:\Users\Simrika\.p2\pool\plugins\org.eclipse.justj.openjdk.hotspot.jre.full.win32.x86_64_17.0.5.v20221102-0933\jre\bin\server

VM Arguments:
jvm_args: -Dfile.encoding=UTF-8 -XX:+ShowCodeDetailsInExceptionMessages 
java_command: view.Jtable
java_class_path (initial): C:\Users\Simrika\eclipse-workspacee\Assignment\bin;C:\Users\Simrika\Desktop\mysql-connector-j-8.0.32.jar;C:\Users\Simrika\Downloads\jcalendar-1.4\lib\jcalendar-1.4.jar
Launcher Type: SUN_STANDARD

[Global flags]
     intx CICompilerCount                          = 4                                         {product} {ergonomic}
     uint ConcGCThreads                            = 2                                         {product} {ergonomic}
     uint G1ConcRefinementThreads                  = 8                                         {product} {ergonomic}
   size_t G1HeapRegionSize                         = 1048576                                   {product} {ergonomic}
    uintx GCDrainStackTargetSize                   = 64                                        {product} {ergonomic}
   size_t InitialHeapSize                          = 130023424                                 {product} {ergonomic}
   size_t MarkStackSize                            = 4194304                                   {product} {ergonomic}
   size_t MaxHeapSize                              = 2080374784                                {product} {ergonomic}
   size_t MaxNewSize                               = 1247805440                                {product} {ergonomic}
   size_t MinHeapDeltaBytes                        = 1048576                                   {product} {ergonomic}
   size_t MinHeapSize                              = 8388608                                   {product} {ergonomic}
    uintx NonNMethodCodeHeapSize                   = 5839372                                {pd product} {ergonomic}
    uintx NonProfiledCodeHeapSize                  = 122909434                              {pd product} {ergonomic}
    uintx ProfiledCodeHeapSize                     = 122909434                              {pd product} {ergonomic}
    uintx ReservedCodeCacheSize                    = 251658240                              {pd product} {ergonomic}
     bool SegmentedCodeCache                       = true                                      {product} {ergonomic}
     bool ShowCodeDetailsInExceptionMessages       = true                                   {manageable} {command line}
   size_t SoftMaxHeapSize                          = 2080374784                             {manageable} {ergonomic}
     bool UseCompressedClassPointers               = true                           {product lp64_product} {ergonomic}
     bool UseCompressedOops                        = true                           {product lp64_product} {ergonomic}
     bool UseG1GC                                  = true                                      {product} {ergonomic}
     bool UseLargePagesIndividualAllocation        = false                                  {pd product} {ergonomic}

Logging:
Log output configuration:
 #0: stdout all=warning uptime,level,tags
 #1: stderr all=off uptime,level,tags

Environment Variables:
PATH=C:/Users/Simrika/.p2/pool/plugins/org.eclipse.justj.openjdk.hotspot.jre.full.win32.x86_64_17.0.5.v20221102-0933/jre/bin/server;C:/Users/Simrika/.p2/pool/plugins/org.eclipse.justj.openjdk.hotspot.jre.full.win32.x86_64_17.0.5.v20221102-0933/jre/bin;C:\Program Files\Common Files\Oracle\Java\javapath;C:\windows\system32;C:\windows;C:\windows\System32\Wbem;C:\windows\System32\WindowsPowerShell\v1.0\;C:\windows\System32\OpenSSH\;C:\Program Files (x86)\NVIDIA Corporation\PhysX\Common;C:\Program Files\NVIDIA Corporation\NVIDIA NvDLISR;C:\Program Files\nodejs\;C:\WINDOWS\system32;C:\WINDOWS;C:\WINDOWS\System32\Wbem;C:\WINDOWS\System32\WindowsPowerShell\v1.0\;C:\WINDOWS\System32\OpenSSH\;C:\Users\Simrika\AppData\Local\Microsoft\WindowsApps;;C:\Users\Simrika\AppData\Local\Programs\Microsoft VS Code\bin;C:\Users\Simrika\AppData\Roaming\npm;C:\WINDOWS\system32;
USERNAME=Simrika
OS=Windows_NT
PROCESSOR_IDENTIFIER=Intel64 Family 6 Model 140 Stepping 1, GenuineIntel
TMP=C:\Users\Simrika\AppData\Local\Temp
TEMP=C:\Users\Simrika\AppData\Local\Temp



---------------  S Y S T E M  ---------------

OS:
 Windows 11 , 64 bit Build 22621 (10.0.22621.1485)
OS uptime: 0 days 1:54 hours

CPU: total 8 (initial active 8) (4 cores per cpu, 2 threads per core) family 6 model 140 stepping 1 microcode 0x86, cx8, cmov, fxsr, ht, mmx, 3dnowpref, sse, sse2, sse3, ssse3, sse4.1, sse4.2, popcnt, lzcnt, tsc, tscinvbit, avx, avx2, aes, erms, clmul, bmi1, bmi2, adx, avx512f, avx512dq, avx512cd, avx512bw, avx512vl, sha, fma, vzeroupper, avx512_vpopcntdq, avx512_vpclmulqdq, avx512_vaes, avx512_vnni, clflush, clflushopt, clwb, avx512_vbmi2, avx512_vbmi

Memory: 4k page, system-wide physical 7932M (380M free)
TotalPageFile size 32508M (AvailPageFile size 46M)
current process WorkingSet (physical memory assigned to process): 77M, peak: 85M
current process commit charge ("private bytes"): 224M, peak: 229M

vm_info: OpenJDK 64-Bit Server VM (17.0.5+8) for windows-amd64 JRE (17.0.5+8), built on Oct 19 2022 04:48:13 by "temurin" with MS VC++ 16.7 (VS2019)

END.
