#
# There is insufficient memory for the Java Runtime Environment to continue.
# Native memory allocation (mmap) failed to map 65536 bytes for Failed to commit metaspace.
# Possible reasons:
#   The system is out of physical RAM or swap space
#   The process is running with CompressedOops enabled, and the Java Heap may be blocking the growth of the native heap
# Possible solutions:
#   Reduce memory load on the system
#   Increase physical memory or swap space
#   Check if swap backing store is full
#   Decrease Java heap size (-Xmx/-Xms)
#   Decrease number of Java threads
#   Decrease Java thread stack sizes (-Xss)
#   Set larger code cache with -XX:ReservedCodeCacheSize=
#   JVM is running with Unscaled Compressed Oops mode in which the Java heap is
#     placed in the first 4GB address space. The Java Heap base address is the
#     maximum limit for the native heap growth. Please use -XX:HeapBaseMinAddress
#     to set the Java Heap base and to place the Java Heap above 4GB virtual address.
# This output file may be truncated or incomplete.
#
#  Out of Memory Error (virtualSpaceNode.cpp:110), pid=22700, tid=20564
#
# JRE version: OpenJDK Runtime Environment Temurin-17.0.5+8 (17.0.5+8) (build 17.0.5+8)
# Java VM: OpenJDK 64-Bit Server VM Temurin-17.0.5+8 (17.0.5+8, mixed mode, tiered, compressed oops, compressed class ptrs, g1 gc, windows-amd64)
# No core dump will be written. Minidumps are not enabled by default on client versions of Windows
#

---------------  S U M M A R Y ------------

Command Line: -Dfile.encoding=UTF-8 -XX:+ShowCodeDetailsInExceptionMessages view.Jtable

Host: 11th Gen Intel(R) Core(TM) i5-1135G7 @ 2.40GHz, 8 cores, 7G,  Windows 11 , 64 bit Build 22621 (10.0.22621.1485)
Time: Mon Apr 17 06:40:32 2023 Arab Standard Time elapsed time: 1862.794477 seconds (0d 0h 31m 2s)

---------------  T H R E A D  ---------------

Current thread (0x0000024c679aaae0):  JavaThread "AWT-EventQueue-0" [_thread_in_vm, id=20564, stack(0x000000dca4100000,0x000000dca4200000)]

Stack: [0x000000dca4100000,0x000000dca4200000]
Native frames: (J=compiled Java code, j=interpreted, Vv=VM code, C=native code)
V  [jvm.dll+0x676b3a]
V  [jvm.dll+0x831444]
V  [jvm.dll+0x832bee]
V  [jvm.dll+0x833253]
V  [jvm.dll+0x244ce5]
V  [jvm.dll+0x82d4db]
V  [jvm.dll+0x61b2f6]
V  [jvm.dll+0x61b35a]
V  [jvm.dll+0x61db7a]
V  [jvm.dll+0x61bc96]
V  [jvm.dll+0x24273c]
V  [jvm.dll+0x6cce0d]
V  [jvm.dll+0x6cd83f]
V  [jvm.dll+0x36f5f3]
V  [jvm.dll+0x36f466]
V  [jvm.dll+0x36e7d2]
V  [jvm.dll+0x36e778]
V  [jvm.dll+0x37e59a]
C  0x0000024c4f96b6ce

Java frames: (J=compiled Java code, j=interpreted, Vv=VM code)
j  java.util.WeakHashMap$KeySet.iterator()Ljava/util/Iterator;+0 java.base@17.0.5
j  java.util.Collections$SynchronizedCollection.iterator()Ljava/util/Iterator;+4 java.base@17.0.5
j  java.util.AbstractCollection.addAll(Ljava/util/Collection;)Z+3 java.base@17.0.5
j  java.util.HashSet.<init>(Ljava/util/Collection;)V+35 java.base@17.0.5
j  sun.awt.SunDisplayChanger.notifyListeners()V+40 java.desktop@17.0.5
j  sun.awt.Win32GraphicsDevice.displayChanged()V+23 java.desktop@17.0.5
j  sun.awt.Win32GraphicsEnvironment.displayChanged()V+198 java.desktop@17.0.5
j  sun.awt.windows.WToolkit.lambda$displayChanged$4()V+15 java.desktop@17.0.5
j  sun.awt.windows.WToolkit$$Lambda$150+0x00000001001b5220.run()V+0 java.desktop@17.0.5
J 1100 c1 java.awt.event.InvocationEvent.dispatch()V java.desktop@17.0.5 (69 bytes) @ 0x0000024c500bbe0c [0x0000024c500bbc00+0x000000000000020c]
J 1065 c1 java.awt.EventQueue.dispatchEventImpl(Ljava/awt/AWTEvent;Ljava/lang/Object;)V java.desktop@17.0.5 (136 bytes) @ 0x0000024c50090204 [0x0000024c5008e860+0x00000000000019a4]
J 1064 c1 java.awt.EventQueue$4.run()Ljava/lang/Void; java.desktop@17.0.5 (60 bytes) @ 0x0000024c5008e18c [0x0000024c5008e060+0x000000000000012c]
J 1026 c1 java.awt.EventQueue.dispatchEvent(Ljava/awt/AWTEvent;)V java.desktop@17.0.5 (80 bytes) @ 0x0000024c50072774 [0x0000024c500721e0+0x0000000000000594]
J 1028 c1 java.awt.EventDispatchThread.pumpOneEventForFilters(I)V java.desktop@17.0.5 (113 bytes) @ 0x0000024c5007480c [0x0000024c500741a0+0x000000000000066c]
j  java.awt.EventDispatchThread.pumpEventsForFilter(ILjava/awt/Conditional;Ljava/awt/EventFilter;)V+35 java.desktop@17.0.5
j  java.awt.EventDispatchThread.pumpEventsForHierarchy(ILjava/awt/Conditional;Ljava/awt/Component;)V+11 java.desktop@17.0.5
j  java.awt.EventDispatchThread.pumpEvents(ILjava/awt/Conditional;)V+4 java.desktop@17.0.5
j  java.awt.EventDispatchThread.pumpEvents(Ljava/awt/Conditional;)V+3 java.desktop@17.0.5
j  java.awt.EventDispatchThread.run()V+9 java.desktop@17.0.5
v  ~StubRoutines::call_stub

---------------  P R O C E S S  ---------------

Threads class SMR info:
_java_thread_list=0x0000024c67b27480, length=17, elements={
0x0000024c67413020, 0x0000024c674139d0, 0x0000024c668719d0, 0x0000024c66872290,
0x0000024c67433010, 0x0000024c6743b8e0, 0x0000024c6743fde0, 0x0000024c674457c0,
0x0000024c674590c0, 0x0000024c675a0460, 0x0000024c675b47c0, 0x0000024c678e2420,
0x0000024c678b7aa0, 0x0000024c678bb660, 0x0000024c679aaae0, 0x0000024c67a9fe00,
0x0000024c67a9f930
}

Java Threads: ( => current thread )
  0x0000024c67413020 JavaThread "Reference Handler" daemon [_thread_blocked, id=22132, stack(0x000000dca3100000,0x000000dca3200000)]
  0x0000024c674139d0 JavaThread "Finalizer" daemon [_thread_blocked, id=22868, stack(0x000000dca3200000,0x000000dca3300000)]
  0x0000024c668719d0 JavaThread "Signal Dispatcher" daemon [_thread_blocked, id=20960, stack(0x000000dca3300000,0x000000dca3400000)]
  0x0000024c66872290 JavaThread "Attach Listener" daemon [_thread_blocked, id=22880, stack(0x000000dca3400000,0x000000dca3500000)]
  0x0000024c67433010 JavaThread "Service Thread" daemon [_thread_blocked, id=21432, stack(0x000000dca3500000,0x000000dca3600000)]
  0x0000024c6743b8e0 JavaThread "Monitor Deflation Thread" daemon [_thread_blocked, id=20904, stack(0x000000dca3600000,0x000000dca3700000)]
  0x0000024c6743fde0 JavaThread "C2 CompilerThread0" daemon [_thread_blocked, id=19192, stack(0x000000dca3700000,0x000000dca3800000)]
  0x0000024c674457c0 JavaThread "C1 CompilerThread0" daemon [_thread_blocked, id=13308, stack(0x000000dca3800000,0x000000dca3900000)]
  0x0000024c674590c0 JavaThread "Sweeper thread" daemon [_thread_blocked, id=22160, stack(0x000000dca3900000,0x000000dca3a00000)]
  0x0000024c675a0460 JavaThread "Notification Thread" daemon [_thread_blocked, id=23288, stack(0x000000dca3a00000,0x000000dca3b00000)]
  0x0000024c675b47c0 JavaThread "Common-Cleaner" daemon [_thread_blocked, id=12520, stack(0x000000dca3c00000,0x000000dca3d00000)]
  0x0000024c678e2420 JavaThread "Java2D Disposer" daemon [_thread_blocked, id=20980, stack(0x000000dca3d00000,0x000000dca3e00000)]
  0x0000024c678b7aa0 JavaThread "AWT-Shutdown" [_thread_blocked, id=18756, stack(0x000000dca3e00000,0x000000dca3f00000)]
  0x0000024c678bb660 JavaThread "AWT-Windows" daemon [_thread_in_native, id=22680, stack(0x000000dca3f00000,0x000000dca4000000)]
=>0x0000024c679aaae0 JavaThread "AWT-EventQueue-0" [_thread_in_vm, id=20564, stack(0x000000dca4100000,0x000000dca4200000)]
  0x0000024c67a9fe00 JavaThread "DestroyJavaVM" [_thread_blocked, id=22372, stack(0x000000dca2a00000,0x000000dca2b00000)]
  0x0000024c67a9f930 JavaThread "TimerQueue" daemon [_thread_blocked, id=20180, stack(0x000000dca4500000,0x000000dca4600000)]

Other Threads:
  0x0000024c6685b7d0 VMThread "VM Thread" [stack: 0x000000dca3000000,0x000000dca3100000] [id=20552]
  0x0000024c4ab3fb40 WatcherThread [stack: 0x000000dca3b00000,0x000000dca3c00000] [id=22704]
  0x0000024c4ab23610 GCTaskThread "GC Thread#0" [stack: 0x000000dca2b00000,0x000000dca2c00000] [id=18620]
  0x0000024c4ab34650 ConcurrentGCThread "G1 Main Marker" [stack: 0x000000dca2c00000,0x000000dca2d00000] [id=18148]
  0x0000024c4ab35060 ConcurrentGCThread "G1 Conc#0" [stack: 0x000000dca2d00000,0x000000dca2e00000] [id=21428]
  0x0000024c666a24b0 ConcurrentGCThread "G1 Refine#0" [stack: 0x000000dca2e00000,0x000000dca2f00000] [id=2720]
  0x0000024c4ab8c560 ConcurrentGCThread "G1 Service" [stack: 0x000000dca2f00000,0x000000dca3000000] [id=22364]

Threads with active compile tasks:

VM state: not at safepoint (normal execution)

VM Mutex/Monitor currently owned by a thread:  ([mutex/lock_event])
[0x0000024c4aac0a40] Metaspace_lock - owner thread: 0x0000024c679aaae0

Heap address: 0x0000000084000000, size: 1984 MB, Compressed Oops mode: 32-bit

CDS archive(s) not mapped
Compressed class space mapped at: 0x0000000100000000-0x0000000140000000, reserved size: 1073741824
Narrow klass base: 0x0000000000000000, Narrow klass shift: 3, Narrow klass range: 0x140000000

GC Precious Log:
 CPUs: 8 total, 8 available
 Memory: 7932M
 Large Page Support: Disabled
 NUMA Support: Disabled
 Compressed Oops: Enabled (32-bit)
 Heap Region Size: 1M
 Heap Min Capacity: 8M
 Heap Initial Capacity: 124M
 Heap Max Capacity: 1984M
 Pre-touch: Disabled
 Parallel Workers: 8
 Concurrent Workers: 2
 Concurrent Refinement Workers: 8
 Periodic GC: Disabled

Heap:
 garbage-first heap   total 126976K, used 14336K [0x0000000084000000, 0x0000000100000000)
  region size 1024K, 10 young (10240K), 0 survivors (0K)
 Metaspace       used 16665K, committed 16832K, reserved 1064960K
  class space    used 1724K, committed 1856K, reserved 1048576K

Heap Regions: E=young(eden), S=young(survivor), O=old, HS=humongous(starts), HC=humongous(continues), CS=collection set, F=free, OA=open archive, CA=closed archive, TAMS=top-at-mark-start (previous, next)
|   0|0x0000000084000000, 0x0000000084100000, 0x0000000084100000|100%|HS|  |TAMS 0x0000000084000000, 0x0000000084000000| Complete 
|   1|0x0000000084100000, 0x0000000084200000, 0x0000000084200000|100%|HC|  |TAMS 0x0000000084100000, 0x0000000084100000| Complete 
|   2|0x0000000084200000, 0x0000000084300000, 0x0000000084300000|100%|HC|  |TAMS 0x0000000084200000, 0x0000000084200000| Complete 
|   3|0x0000000084300000, 0x0000000084400000, 0x0000000084400000|100%|HC|  |TAMS 0x0000000084300000, 0x0000000084300000| Complete 
|   4|0x0000000084400000, 0x0000000084500000, 0x0000000084500000|100%|HC|  |TAMS 0x0000000084400000, 0x0000000084400000| Complete 
|   5|0x0000000084500000, 0x0000000084500000, 0x0000000084600000|  0%| F|  |TAMS 0x0000000084500000, 0x0000000084500000| Untracked 
|   6|0x0000000084600000, 0x0000000084600000, 0x0000000084700000|  0%| F|  |TAMS 0x0000000084600000, 0x0000000084600000| Untracked 
|   7|0x0000000084700000, 0x0000000084700000, 0x0000000084800000|  0%| F|  |TAMS 0x0000000084700000, 0x0000000084700000| Untracked 
|   8|0x0000000084800000, 0x0000000084800000, 0x0000000084900000|  0%| F|  |TAMS 0x0000000084800000, 0x0000000084800000| Untracked 
|   9|0x0000000084900000, 0x0000000084900000, 0x0000000084a00000|  0%| F|  |TAMS 0x0000000084900000, 0x0000000084900000| Untracked 
|  10|0x0000000084a00000, 0x0000000084a00000, 0x0000000084b00000|  0%| F|  |TAMS 0x0000000084a00000, 0x0000000084a00000| Untracked 
|  11|0x0000000084b00000, 0x0000000084b00000, 0x0000000084c00000|  0%| F|  |TAMS 0x0000000084b00000, 0x0000000084b00000| Untracked 
|  12|0x0000000084c00000, 0x0000000084c00000, 0x0000000084d00000|  0%| F|  |TAMS 0x0000000084c00000, 0x0000000084c00000| Untracked 
|  13|0x0000000084d00000, 0x0000000084d00000, 0x0000000084e00000|  0%| F|  |TAMS 0x0000000084d00000, 0x0000000084d00000| Untracked 
|  14|0x0000000084e00000, 0x0000000084e00000, 0x0000000084f00000|  0%| F|  |TAMS 0x0000000084e00000, 0x0000000084e00000| Untracked 
|  15|0x0000000084f00000, 0x0000000084f00000, 0x0000000085000000|  0%| F|  |TAMS 0x0000000084f00000, 0x0000000084f00000| Untracked 
|  16|0x0000000085000000, 0x0000000085000000, 0x0000000085100000|  0%| F|  |TAMS 0x0000000085000000, 0x0000000085000000| Untracked 
|  17|0x0000000085100000, 0x0000000085100000, 0x0000000085200000|  0%| F|  |TAMS 0x0000000085100000, 0x0000000085100000| Untracked 
|  18|0x0000000085200000, 0x0000000085200000, 0x0000000085300000|  0%| F|  |TAMS 0x0000000085200000, 0x0000000085200000| Untracked 
|  19|0x0000000085300000, 0x0000000085300000, 0x0000000085400000|  0%| F|  |TAMS 0x0000000085300000, 0x0000000085300000| Untracked 
|  20|0x0000000085400000, 0x0000000085400000, 0x0000000085500000|  0%| F|  |TAMS 0x0000000085400000, 0x0000000085400000| Untracked 
|  21|0x0000000085500000, 0x0000000085500000, 0x0000000085600000|  0%| F|  |TAMS 0x0000000085500000, 0x0000000085500000| Untracked 
|  22|0x0000000085600000, 0x0000000085600000, 0x0000000085700000|  0%| F|  |TAMS 0x0000000085600000, 0x0000000085600000| Untracked 
|  23|0x0000000085700000, 0x0000000085700000, 0x0000000085800000|  0%| F|  |TAMS 0x0000000085700000, 0x0000000085700000| Untracked 
|  24|0x0000000085800000, 0x0000000085800000, 0x0000000085900000|  0%| F|  |TAMS 0x0000000085800000, 0x0000000085800000| Untracked 
|  25|0x0000000085900000, 0x0000000085900000, 0x0000000085a00000|  0%| F|  |TAMS 0x0000000085900000, 0x0000000085900000| Untracked 
|  26|0x0000000085a00000, 0x0000000085a00000, 0x0000000085b00000|  0%| F|  |TAMS 0x0000000085a00000, 0x0000000085a00000| Untracked 
|  27|0x0000000085b00000, 0x0000000085b00000, 0x0000000085c00000|  0%| F|  |TAMS 0x0000000085b00000, 0x0000000085b00000| Untracked 
|  28|0x0000000085c00000, 0x0000000085c00000, 0x0000000085d00000|  0%| F|  |TAMS 0x0000000085c00000, 0x0000000085c00000| Untracked 
|  29|0x0000000085d00000, 0x0000000085d00000, 0x0000000085e00000|  0%| F|  |TAMS 0x0000000085d00000, 0x0000000085d00000| Untracked 
|  30|0x0000000085e00000, 0x0000000085e00000, 0x0000000085f00000|  0%| F|  |TAMS 0x0000000085e00000, 0x0000000085e00000| Untracked 
|  31|0x0000000085f00000, 0x0000000085f00000, 0x0000000086000000|  0%| F|  |TAMS 0x0000000085f00000, 0x0000000085f00000| Untracked 
|  32|0x0000000086000000, 0x0000000086000000, 0x0000000086100000|  0%| F|  |TAMS 0x0000000086000000, 0x0000000086000000| Untracked 
|  33|0x0000000086100000, 0x0000000086100000, 0x0000000086200000|  0%| F|  |TAMS 0x0000000086100000, 0x0000000086100000| Untracked 
|  34|0x0000000086200000, 0x0000000086200000, 0x0000000086300000|  0%| F|  |TAMS 0x0000000086200000, 0x0000000086200000| Untracked 
|  35|0x0000000086300000, 0x0000000086300000, 0x0000000086400000|  0%| F|  |TAMS 0x0000000086300000, 0x0000000086300000| Untracked 
|  36|0x0000000086400000, 0x0000000086400000, 0x0000000086500000|  0%| F|  |TAMS 0x0000000086400000, 0x0000000086400000| Untracked 
|  37|0x0000000086500000, 0x0000000086500000, 0x0000000086600000|  0%| F|  |TAMS 0x0000000086500000, 0x0000000086500000| Untracked 
|  38|0x0000000086600000, 0x0000000086600000, 0x0000000086700000|  0%| F|  |TAMS 0x0000000086600000, 0x0000000086600000| Untracked 
|  39|0x0000000086700000, 0x0000000086700000, 0x0000000086800000|  0%| F|  |TAMS 0x0000000086700000, 0x0000000086700000| Untracked 
|  40|0x0000000086800000, 0x0000000086800000, 0x0000000086900000|  0%| F|  |TAMS 0x0000000086800000, 0x0000000086800000| Untracked 
|  41|0x0000000086900000, 0x0000000086900000, 0x0000000086a00000|  0%| F|  |TAMS 0x0000000086900000, 0x0000000086900000| Untracked 
|  42|0x0000000086a00000, 0x0000000086a00000, 0x0000000086b00000|  0%| F|  |TAMS 0x0000000086a00000, 0x0000000086a00000| Untracked 
|  43|0x0000000086b00000, 0x0000000086b00000, 0x0000000086c00000|  0%| F|  |TAMS 0x0000000086b00000, 0x0000000086b00000| Untracked 
|  44|0x0000000086c00000, 0x0000000086c00000, 0x0000000086d00000|  0%| F|  |TAMS 0x0000000086c00000, 0x0000000086c00000| Untracked 
|  45|0x0000000086d00000, 0x0000000086d00000, 0x0000000086e00000|  0%| F|  |TAMS 0x0000000086d00000, 0x0000000086d00000| Untracked 
|  46|0x0000000086e00000, 0x0000000086e00000, 0x0000000086f00000|  0%| F|  |TAMS 0x0000000086e00000, 0x0000000086e00000| Untracked 
|  47|0x0000000086f00000, 0x0000000086f00000, 0x0000000087000000|  0%| F|  |TAMS 0x0000000086f00000, 0x0000000086f00000| Untracked 
|  48|0x0000000087000000, 0x0000000087000000, 0x0000000087100000|  0%| F|  |TAMS 0x0000000087000000, 0x0000000087000000| Untracked 
|  49|0x0000000087100000, 0x0000000087100000, 0x0000000087200000|  0%| F|  |TAMS 0x0000000087100000, 0x0000000087100000| Untracked 
|  50|0x0000000087200000, 0x0000000087200000, 0x0000000087300000|  0%| F|  |TAMS 0x0000000087200000, 0x0000000087200000| Untracked 
|  51|0x0000000087300000, 0x0000000087300000, 0x0000000087400000|  0%| F|  |TAMS 0x0000000087300000, 0x0000000087300000| Untracked 
|  52|0x0000000087400000, 0x0000000087400000, 0x0000000087500000|  0%| F|  |TAMS 0x0000000087400000, 0x0000000087400000| Untracked 
|  53|0x0000000087500000, 0x0000000087500000, 0x0000000087600000|  0%| F|  |TAMS 0x0000000087500000, 0x0000000087500000| Untracked 
|  54|0x0000000087600000, 0x0000000087600000, 0x0000000087700000|  0%| F|  |TAMS 0x0000000087600000, 0x0000000087600000| Untracked 
|  55|0x0000000087700000, 0x0000000087700000, 0x0000000087800000|  0%| F|  |TAMS 0x0000000087700000, 0x0000000087700000| Untracked 
|  56|0x0000000087800000, 0x0000000087800000, 0x0000000087900000|  0%| F|  |TAMS 0x0000000087800000, 0x0000000087800000| Untracked 
|  57|0x0000000087900000, 0x0000000087900000, 0x0000000087a00000|  0%| F|  |TAMS 0x0000000087900000, 0x0000000087900000| Untracked 
|  58|0x0000000087a00000, 0x0000000087a00000, 0x0000000087b00000|  0%| F|  |TAMS 0x0000000087a00000, 0x0000000087a00000| Untracked 
|  59|0x0000000087b00000, 0x0000000087b00000, 0x0000000087c00000|  0%| F|  |TAMS 0x0000000087b00000, 0x0000000087b00000| Untracked 
|  60|0x0000000087c00000, 0x0000000087c00000, 0x0000000087d00000|  0%| F|  |TAMS 0x0000000087c00000, 0x0000000087c00000| Untracked 
|  61|0x0000000087d00000, 0x0000000087d00000, 0x0000000087e00000|  0%| F|  |TAMS 0x0000000087d00000, 0x0000000087d00000| Untracked 
|  62|0x0000000087e00000, 0x0000000087e00000, 0x0000000087f00000|  0%| F|  |TAMS 0x0000000087e00000, 0x0000000087e00000| Untracked 
|  63|0x0000000087f00000, 0x0000000087f00000, 0x0000000088000000|  0%| F|  |TAMS 0x0000000087f00000, 0x0000000087f00000| Untracked 
|  64|0x0000000088000000, 0x0000000088000000, 0x0000000088100000|  0%| F|  |TAMS 0x0000000088000000, 0x0000000088000000| Untracked 
|  65|0x0000000088100000, 0x0000000088100000, 0x0000000088200000|  0%| F|  |TAMS 0x0000000088100000, 0x0000000088100000| Untracked 
|  66|0x0000000088200000, 0x0000000088200000, 0x0000000088300000|  0%| F|  |TAMS 0x0000000088200000, 0x0000000088200000| Untracked 
|  67|0x0000000088300000, 0x0000000088300000, 0x0000000088400000|  0%| F|  |TAMS 0x0000000088300000, 0x0000000088300000| Untracked 
|  68|0x0000000088400000, 0x0000000088400000, 0x0000000088500000|  0%| F|  |TAMS 0x0000000088400000, 0x0000000088400000| Untracked 
|  69|0x0000000088500000, 0x0000000088500000, 0x0000000088600000|  0%| F|  |TAMS 0x0000000088500000, 0x0000000088500000| Untracked 
|  70|0x0000000088600000, 0x0000000088600000, 0x0000000088700000|  0%| F|  |TAMS 0x0000000088600000, 0x0000000088600000| Untracked 
|  71|0x0000000088700000, 0x0000000088700000, 0x0000000088800000|  0%| F|  |TAMS 0x0000000088700000, 0x0000000088700000| Untracked 
|  72|0x0000000088800000, 0x0000000088800000, 0x0000000088900000|  0%| F|  |TAMS 0x0000000088800000, 0x0000000088800000| Untracked 
|  73|0x0000000088900000, 0x0000000088900000, 0x0000000088a00000|  0%| F|  |TAMS 0x0000000088900000, 0x0000000088900000| Untracked 
|  74|0x0000000088a00000, 0x0000000088a00000, 0x0000000088b00000|  0%| F|  |TAMS 0x0000000088a00000, 0x0000000088a00000| Untracked 
|  75|0x0000000088b00000, 0x0000000088b00000, 0x0000000088c00000|  0%| F|  |TAMS 0x0000000088b00000, 0x0000000088b00000| Untracked 
|  76|0x0000000088c00000, 0x0000000088c00000, 0x0000000088d00000|  0%| F|  |TAMS 0x0000000088c00000, 0x0000000088c00000| Untracked 
|  77|0x0000000088d00000, 0x0000000088d00000, 0x0000000088e00000|  0%| F|  |TAMS 0x0000000088d00000, 0x0000000088d00000| Untracked 
|  78|0x0000000088e00000, 0x0000000088e00000, 0x0000000088f00000|  0%| F|  |TAMS 0x0000000088e00000, 0x0000000088e00000| Untracked 
|  79|0x0000000088f00000, 0x0000000088f00000, 0x0000000089000000|  0%| F|  |TAMS 0x0000000088f00000, 0x0000000088f00000| Untracked 
|  80|0x0000000089000000, 0x0000000089000000, 0x0000000089100000|  0%| F|  |TAMS 0x0000000089000000, 0x0000000089000000| Untracked 
|  81|0x0000000089100000, 0x0000000089100000, 0x0000000089200000|  0%| F|  |TAMS 0x0000000089100000, 0x0000000089100000| Untracked 
|  82|0x0000000089200000, 0x0000000089200000, 0x0000000089300000|  0%| F|  |TAMS 0x0000000089200000, 0x0000000089200000| Untracked 
|  83|0x0000000089300000, 0x0000000089300000, 0x0000000089400000|  0%| F|  |TAMS 0x0000000089300000, 0x0000000089300000| Untracked 
|  84|0x0000000089400000, 0x0000000089400000, 0x0000000089500000|  0%| F|  |TAMS 0x0000000089400000, 0x0000000089400000| Untracked 
|  85|0x0000000089500000, 0x0000000089500000, 0x0000000089600000|  0%| F|  |TAMS 0x0000000089500000, 0x0000000089500000| Untracked 
|  86|0x0000000089600000, 0x0000000089600000, 0x0000000089700000|  0%| F|  |TAMS 0x0000000089600000, 0x0000000089600000| Untracked 
|  87|0x0000000089700000, 0x0000000089700000, 0x0000000089800000|  0%| F|  |TAMS 0x0000000089700000, 0x0000000089700000| Untracked 
|  88|0x0000000089800000, 0x0000000089800000, 0x0000000089900000|  0%| F|  |TAMS 0x0000000089800000, 0x0000000089800000| Untracked 
|  89|0x0000000089900000, 0x0000000089900000, 0x0000000089a00000|  0%| F|  |TAMS 0x0000000089900000, 0x0000000089900000| Untracked 
|  90|0x0000000089a00000, 0x0000000089a00000, 0x0000000089b00000|  0%| F|  |TAMS 0x0000000089a00000, 0x0000000089a00000| Untracked 
|  91|0x0000000089b00000, 0x0000000089b00000, 0x0000000089c00000|  0%| F|  |TAMS 0x0000000089b00000, 0x0000000089b00000| Untracked 
|  92|0x0000000089c00000, 0x0000000089c00000, 0x0000000089d00000|  0%| F|  |TAMS 0x0000000089c00000, 0x0000000089c00000| Untracked 
|  93|0x0000000089d00000, 0x0000000089d00000, 0x0000000089e00000|  0%| F|  |TAMS 0x0000000089d00000, 0x0000000089d00000| Untracked 
|  94|0x0000000089e00000, 0x0000000089e00000, 0x0000000089f00000|  0%| F|  |TAMS 0x0000000089e00000, 0x0000000089e00000| Untracked 
|  95|0x0000000089f00000, 0x0000000089f00000, 0x000000008a000000|  0%| F|  |TAMS 0x0000000089f00000, 0x0000000089f00000| Untracked 
|  96|0x000000008a000000, 0x000000008a000000, 0x000000008a100000|  0%| F|  |TAMS 0x000000008a000000, 0x000000008a000000| Untracked 
|  97|0x000000008a100000, 0x000000008a100000, 0x000000008a200000|  0%| F|  |TAMS 0x000000008a100000, 0x000000008a100000| Untracked 
|  98|0x000000008a200000, 0x000000008a200000, 0x000000008a300000|  0%| F|  |TAMS 0x000000008a200000, 0x000000008a200000| Untracked 
|  99|0x000000008a300000, 0x000000008a300000, 0x000000008a400000|  0%| F|  |TAMS 0x000000008a300000, 0x000000008a300000| Untracked 
| 100|0x000000008a400000, 0x000000008a400000, 0x000000008a500000|  0%| F|  |TAMS 0x000000008a400000, 0x000000008a400000| Untracked 
| 101|0x000000008a500000, 0x000000008a500000, 0x000000008a600000|  0%| F|  |TAMS 0x000000008a500000, 0x000000008a500000| Untracked 
| 102|0x000000008a600000, 0x000000008a600000, 0x000000008a700000|  0%| F|  |TAMS 0x000000008a600000, 0x000000008a600000| Untracked 
| 103|0x000000008a700000, 0x000000008a700000, 0x000000008a800000|  0%| F|  |TAMS 0x000000008a700000, 0x000000008a700000| Untracked 
| 104|0x000000008a800000, 0x000000008a800000, 0x000000008a900000|  0%| F|  |TAMS 0x000000008a800000, 0x000000008a800000| Untracked 
| 105|0x000000008a900000, 0x000000008a900000, 0x000000008aa00000|  0%| F|  |TAMS 0x000000008a900000, 0x000000008a900000| Untracked 
| 106|0x000000008aa00000, 0x000000008aa00000, 0x000000008ab00000|  0%| F|  |TAMS 0x000000008aa00000, 0x000000008aa00000| Untracked 
| 107|0x000000008ab00000, 0x000000008ab00000, 0x000000008ac00000|  0%| F|  |TAMS 0x000000008ab00000, 0x000000008ab00000| Untracked 
| 108|0x000000008ac00000, 0x000000008ac00000, 0x000000008ad00000|  0%| F|  |TAMS 0x000000008ac00000, 0x000000008ac00000| Untracked 
| 109|0x000000008ad00000, 0x000000008ad00000, 0x000000008ae00000|  0%| F|  |TAMS 0x000000008ad00000, 0x000000008ad00000| Untracked 
| 110|0x000000008ae00000, 0x000000008ae00000, 0x000000008af00000|  0%| F|  |TAMS 0x000000008ae00000, 0x000000008ae00000| Untracked 
| 111|0x000000008af00000, 0x000000008af00000, 0x000000008b000000|  0%| F|  |TAMS 0x000000008af00000, 0x000000008af00000| Untracked 
| 112|0x000000008b000000, 0x000000008b000000, 0x000000008b100000|  0%| F|  |TAMS 0x000000008b000000, 0x000000008b000000| Untracked 
| 113|0x000000008b100000, 0x000000008b100000, 0x000000008b200000|  0%| F|  |TAMS 0x000000008b100000, 0x000000008b100000| Untracked 
| 114|0x000000008b200000, 0x000000008b276450, 0x000000008b300000| 46%| E|  |TAMS 0x000000008b200000, 0x000000008b200000| Complete 
| 115|0x000000008b300000, 0x000000008b400000, 0x000000008b400000|100%| E|CS|TAMS 0x000000008b300000, 0x000000008b300000| Complete 
| 116|0x000000008b400000, 0x000000008b500000, 0x000000008b500000|100%| E|CS|TAMS 0x000000008b400000, 0x000000008b400000| Complete 
| 117|0x000000008b500000, 0x000000008b600000, 0x000000008b600000|100%| E|CS|TAMS 0x000000008b500000, 0x000000008b500000| Complete 
| 118|0x000000008b600000, 0x000000008b700000, 0x000000008b700000|100%| E|CS|TAMS 0x000000008b600000, 0x000000008b600000| Complete 
| 119|0x000000008b700000, 0x000000008b800000, 0x000000008b800000|100%| E|CS|TAMS 0x000000008b700000, 0x000000008b700000| Complete 
| 120|0x000000008b800000, 0x000000008b900000, 0x000000008b900000|100%| E|CS|TAMS 0x000000008b800000, 0x000000008b800000| Complete 
| 121|0x000000008b900000, 0x000000008ba00000, 0x000000008ba00000|100%| E|CS|TAMS 0x000000008b900000, 0x000000008b900000| Complete 
| 122|0x000000008ba00000, 0x000000008bb00000, 0x000000008bb00000|100%| E|CS|TAMS 0x000000008ba00000, 0x000000008ba00000| Complete 
| 123|0x000000008bb00000, 0x000000008bc00000, 0x000000008bc00000|100%| E|CS|TAMS 0x000000008bb00000, 0x000000008bb00000| Complete 

Card table byte_map: [0x0000024c5f7a0000,0x0000024c5fb80000] _byte_map_base: 0x0000024c5f380000

Marking Bits (Prev, Next): (CMBitMap*) 0x0000024c4ab23c20, (CMBitMap*) 0x0000024c4ab23c60
 Prev Bits: [0x0000024c5ff60000, 0x0000024c61e60000)
 Next Bits: [0x0000024c61e60000, 0x0000024c63d60000)

Polling page: 0x0000024c4ab90000

Metaspace:

Usage:
  Non-class:     14.59 MB used.
      Class:      1.68 MB used.
       Both:     16.27 MB used.

Virtual space:
  Non-class space:       16.00 MB reserved,      14.62 MB ( 91%) committed,  2 nodes.
      Class space:        1.00 GB reserved,       1.81 MB ( <1%) committed,  1 nodes.
             Both:        1.02 GB reserved,      16.44 MB (  2%) committed. 

Chunk freelists:
   Non-Class:  1.00 MB
       Class:  2.24 MB
        Both:  3.24 MB

MaxMetaspaceSize: unlimited
CompressedClassSpaceSize: 1.00 GB
Initial GC threshold: 21.00 MB
Current GC threshold: 21.00 MB
CDS: off
MetaspaceReclaimPolicy: balanced
 - commit_granule_bytes: 65536.
 - commit_granule_words: 8192.
 - virtual_space_node_default_size: 1048576.
 - enlarge_chunks_in_place: 1.
 - new_chunks_are_fully_committed: 0.
 - uncommit_free_chunks: 1.
 - use_allocation_guard: 0.
 - handle_deallocations: 1.


Internal statistics:

num_allocs_failed_limit: 0.
num_arena_births: 118.
num_arena_deaths: 0.
num_vsnodes_births: 3.
num_vsnodes_deaths: 0.
num_space_committed: 263.
num_space_uncommitted: 0.
num_chunks_returned_to_freelist: 0.
num_chunks_taken_from_freelist: 211.
num_chunk_merges: 0.
num_chunk_splits: 101.
num_chunks_enlarged: 30.
num_purges: 0.
num_inconsistent_stats: 0.

CodeHeap 'non-profiled nmethods': size=120000Kb used=322Kb max_used=322Kb free=119677Kb
 bounds [0x0000024c57420000, 0x0000024c57690000, 0x0000024c5e950000]
CodeHeap 'profiled nmethods': size=120000Kb used=2051Kb max_used=2051Kb free=117948Kb
 bounds [0x0000024c4fef0000, 0x0000024c50160000, 0x0000024c57420000]
CodeHeap 'non-nmethods': size=5760Kb used=1289Kb max_used=1306Kb free=4470Kb
 bounds [0x0000024c4f950000, 0x0000024c4fbc0000, 0x0000024c4fef0000]
 total_blobs=1775 nmethods=1168 adapters=520
 compilation: enabled
              stopped_count=0, restarted_count=0
 full_count=0

Compilation events (20 events):
Event: 93.811 Thread 0x0000024c674457c0 nmethod 1160 0x0000024c5746d090 code [0x0000024c5746d220, 0x0000024c5746d2f8]
Event: 93.818 Thread 0x0000024c6743fde0 nmethod 1155 0x0000024c5746d390 code [0x0000024c5746d580, 0x0000024c5746dea8]
Event: 93.881 Thread 0x0000024c674457c0 1161       3       java.awt.Component::areInputMethodsEnabled (39 bytes)
Event: 93.881 Thread 0x0000024c674457c0 nmethod 1161 0x0000024c500e9190 code [0x0000024c500e9320, 0x0000024c500e9538]
Event: 93.881 Thread 0x0000024c674457c0 1162       3       sun.awt.windows.WToolkit::showOrHideTouchKeyboard (199 bytes)
Event: 93.882 Thread 0x0000024c674457c0 nmethod 1162 0x0000024c500e9610 code [0x0000024c500e9a20, 0x0000024c500ebe18]
Event: 94.072 Thread 0x0000024c6743fde0 1163   !   4       sun.awt.AWTAutoShutdown::setToolkitBusy (124 bytes)
Event: 94.074 Thread 0x0000024c6743fde0 nmethod 1163 0x0000024c5746f010 code [0x0000024c5746f1a0, 0x0000024c5746f6f8]
Event: 94.247 Thread 0x0000024c674457c0 1164   !   3       java.awt.KeyboardFocusManager::retargetFocusEvent (244 bytes)
Event: 94.250 Thread 0x0000024c674457c0 nmethod 1164 0x0000024c500ec710 code [0x0000024c500ecc40, 0x0000024c500efdf8]
Event: 94.618 Thread 0x0000024c6743fde0 1165       4       sun.awt.AppContext::getAppContext (51 bytes)
Event: 94.619 Thread 0x0000024c6743fde0 nmethod 1165 0x0000024c5746fa90 code [0x0000024c5746fc00, 0x0000024c5746fcb8]
Event: 94.685 Thread 0x0000024c6743fde0 1166       4       java.util.concurrent.locks.ReentrantLock$Sync::tryRelease (51 bytes)
Event: 94.687 Thread 0x0000024c6743fde0 nmethod 1166 0x0000024c5746fd90 code [0x0000024c5746ff00, 0x0000024c57470018]
Event: 94.728 Thread 0x0000024c6743fde0 1167       4       java.util.concurrent.locks.AbstractQueuedSynchronizer::signalNext (34 bytes)
Event: 94.731 Thread 0x0000024c6743fde0 nmethod 1167 0x0000024c57470110 code [0x0000024c574702a0, 0x0000024c574703a8]
Event: 94.817 Thread 0x0000024c6743fde0 1168       4       java.awt.Component::getCursor_NoClientCode (30 bytes)
Event: 94.818 Thread 0x0000024c6743fde0 nmethod 1168 0x0000024c57470490 code [0x0000024c57470620, 0x0000024c57470708]
Event: 100.109 Thread 0x0000024c6743fde0 1169       4       jdk.internal.misc.Unsafe::weakCompareAndSetInt (11 bytes)
Event: 100.109 Thread 0x0000024c6743fde0 nmethod 1169 0x0000024c57470810 code [0x0000024c57470980, 0x0000024c57470a18]

GC Heap History (0 events):
No events

Dll operation events (9 events):
Event: 0.008 Loaded shared library C:\Users\Simrika\.p2\pool\plugins\org.eclipse.justj.openjdk.hotspot.jre.full.win32.x86_64_17.0.5.v20221102-0933\jre\bin\java.dll
Event: 0.115 Loaded shared library C:\Users\Simrika\.p2\pool\plugins\org.eclipse.justj.openjdk.hotspot.jre.full.win32.x86_64_17.0.5.v20221102-0933\jre\bin\jimage.dll
Event: 0.127 Loaded shared library C:\Users\Simrika\.p2\pool\plugins\org.eclipse.justj.openjdk.hotspot.jre.full.win32.x86_64_17.0.5.v20221102-0933\jre\bin\net.dll
Event: 0.128 Loaded shared library C:\Users\Simrika\.p2\pool\plugins\org.eclipse.justj.openjdk.hotspot.jre.full.win32.x86_64_17.0.5.v20221102-0933\jre\bin\nio.dll
Event: 0.134 Loaded shared library C:\Users\Simrika\.p2\pool\plugins\org.eclipse.justj.openjdk.hotspot.jre.full.win32.x86_64_17.0.5.v20221102-0933\jre\bin\zip.dll
Event: 0.159 Loaded shared library C:\Users\Simrika\.p2\pool\plugins\org.eclipse.justj.openjdk.hotspot.jre.full.win32.x86_64_17.0.5.v20221102-0933\jre\bin\awt.dll
Event: 0.310 Loaded shared library C:\Users\Simrika\.p2\pool\plugins\org.eclipse.justj.openjdk.hotspot.jre.full.win32.x86_64_17.0.5.v20221102-0933\jre\bin\javajpeg.dll
Event: 0.434 Loaded shared library C:\Users\Simrika\.p2\pool\plugins\org.eclipse.justj.openjdk.hotspot.jre.full.win32.x86_64_17.0.5.v20221102-0933\jre\bin\freetype.dll
Event: 0.435 Loaded shared library C:\Users\Simrika\.p2\pool\plugins\org.eclipse.justj.openjdk.hotspot.jre.full.win32.x86_64_17.0.5.v20221102-0933\jre\bin\fontmanager.dll

Deoptimization events (20 events):
Event: 0.453 Thread 0x0000024c4aac7c00 Uncommon trap: trap_request=0xffffffc6 fr.pc=0x0000024c5744e8bc relative=0x0000000000000a3c
Event: 0.453 Thread 0x0000024c4aac7c00 Uncommon trap: reason=bimorphic_or_optimized_type_check action=maybe_recompile pc=0x0000024c5744e8bc method=java.util.HashMap.putVal(ILjava/lang/Object;Ljava/lang/Object;ZZ)Ljava/lang/Object; @ 152 c2
Event: 0.453 Thread 0x0000024c4aac7c00 DEOPT PACKING pc=0x0000024c5744e8bc sp=0x000000dca2afcbe0
Event: 0.453 Thread 0x0000024c4aac7c00 DEOPT UNPACKING pc=0x0000024c4f9a5ba3 sp=0x000000dca2afcb08 mode 2
Event: 0.454 Thread 0x0000024c4aac7c00 Uncommon trap: trap_request=0xffffffc6 fr.pc=0x0000024c5744e8bc relative=0x0000000000000a3c
Event: 0.454 Thread 0x0000024c4aac7c00 Uncommon trap: reason=bimorphic_or_optimized_type_check action=maybe_recompile pc=0x0000024c5744e8bc method=java.util.HashMap.putVal(ILjava/lang/Object;Ljava/lang/Object;ZZ)Ljava/lang/Object; @ 152 c2
Event: 0.454 Thread 0x0000024c4aac7c00 DEOPT PACKING pc=0x0000024c5744e8bc sp=0x000000dca2afcbe0
Event: 0.454 Thread 0x0000024c4aac7c00 DEOPT UNPACKING pc=0x0000024c4f9a5ba3 sp=0x000000dca2afcb08 mode 2
Event: 0.454 Thread 0x0000024c4aac7c00 Uncommon trap: trap_request=0xffffffc6 fr.pc=0x0000024c5744e8bc relative=0x0000000000000a3c
Event: 0.455 Thread 0x0000024c4aac7c00 Uncommon trap: reason=bimorphic_or_optimized_type_check action=maybe_recompile pc=0x0000024c5744e8bc method=java.util.HashMap.putVal(ILjava/lang/Object;Ljava/lang/Object;ZZ)Ljava/lang/Object; @ 152 c2
Event: 0.455 Thread 0x0000024c4aac7c00 DEOPT PACKING pc=0x0000024c5744e8bc sp=0x000000dca2afcbe0
Event: 0.455 Thread 0x0000024c4aac7c00 DEOPT UNPACKING pc=0x0000024c4f9a5ba3 sp=0x000000dca2afcb08 mode 2
Event: 0.512 Thread 0x0000024c4aac7c00 Uncommon trap: trap_request=0xffffff45 fr.pc=0x0000024c574428f0 relative=0x00000000000004b0
Event: 0.512 Thread 0x0000024c4aac7c00 Uncommon trap: reason=unstable_if action=reinterpret pc=0x0000024c574428f0 method=java.lang.StringLatin1.replace([BCC)Ljava/lang/String; @ 19 c2
Event: 0.512 Thread 0x0000024c4aac7c00 DEOPT PACKING pc=0x0000024c574428f0 sp=0x000000dca2afe680
Event: 0.512 Thread 0x0000024c4aac7c00 DEOPT UNPACKING pc=0x0000024c4f9a5ba3 sp=0x000000dca2afe600 mode 2
Event: 0.612 Thread 0x0000024c679aaae0 Uncommon trap: trap_request=0xffffff45 fr.pc=0x0000024c5745e380 relative=0x00000000000004c0
Event: 0.612 Thread 0x0000024c679aaae0 Uncommon trap: reason=unstable_if action=reinterpret pc=0x0000024c5745e380 method=java.lang.StringLatin1.toLowerCase(Ljava/lang/String;[BLjava/util/Locale;)Ljava/lang/String; @ 43 c2
Event: 0.612 Thread 0x0000024c679aaae0 DEOPT PACKING pc=0x0000024c5745e380 sp=0x000000dca41fcd00
Event: 0.612 Thread 0x0000024c679aaae0 DEOPT UNPACKING pc=0x0000024c4f9a5ba3 sp=0x000000dca41fcc70 mode 2

Classes unloaded (0 events):
No events

Classes redefined (0 events):
No events

Internal exceptions (13 events):
Event: 0.151 Thread 0x0000024c4aac7c00 Exception <a 'java/lang/ClassNotFoundException'{0x000000008ba7a9e0}: sun/awt/resources/spi/awtProvider> (0x000000008ba7a9e0) 
thrown [s\src\hotspot\share\classfile\systemDictionary.cpp, line 256]
Event: 0.171 Thread 0x0000024c4aac7c00 Exception <a 'java/io/FileNotFoundException'{0x000000008bad5160}> (0x000000008bad5160) 
thrown [s\src\hotspot\share\prims\jni.cpp, line 516]
Event: 0.175 Thread 0x0000024c4aac7c00 Exception <a 'java/io/FileNotFoundException'{0x000000008b9027b0}> (0x000000008b9027b0) 
thrown [s\src\hotspot\share\prims\jni.cpp, line 516]
Event: 0.215 Thread 0x0000024c4aac7c00 Exception <a 'java/lang/NoSuchMethodError'{0x000000008b9532b0}: 'java.lang.Object java.lang.invoke.DirectMethodHandle$Holder.invokeStaticInit(java.lang.Object)'> (0x000000008b9532b0) 
thrown [s\src\hotspot\share\interpreter\linkResolver.cpp, line 759]
Event: 0.245 Thread 0x0000024c4aac7c00 Exception <a 'java/lang/NoSuchMethodError'{0x000000008b813488}: 'void java.lang.invoke.DirectMethodHandle$Holder.invokeSpecial(java.lang.Object, java.lang.Object, java.lang.Object)'> (0x000000008b813488) 
thrown [s\src\hotspot\share\interpreter\linkResolver.cpp, line 759]
Event: 0.251 Thread 0x0000024c4aac7c00 Exception <a 'java/lang/NoSuchMethodError'{0x000000008b83d5e0}: 'java.lang.Object java.lang.invoke.DirectMethodHandle$Holder.newInvokeSpecial(java.lang.Object, java.lang.Object, java.lang.Object, java.lang.Object, java.lang.Object)'> (0x000000008b83d5e0) 
thrown [s\src\hotspot\share\interpreter\linkResolver.cpp, line 759]
Event: 0.252 Thread 0x0000024c4aac7c00 Exception <a 'java/lang/NoSuchMethodError'{0x000000008b848fa8}: 'java.lang.Object java.lang.invoke.DirectMethodHandle$Holder.invokeStatic(java.lang.Object, int, java.lang.Object, java.lang.Object, java.lang.Object, java.lang.Object)'> (0x000000008b848fa8) 
thrown [s\src\hotspot\share\interpreter\linkResolver.cpp, line 759]
Event: 0.260 Thread 0x0000024c4aac7c00 Exception <a 'java/lang/NoSuchMethodError'{0x000000008b86e768}: 'java.lang.Object java.lang.invoke.DirectMethodHandle$Holder.invokeStatic(java.lang.Object, int, java.lang.Object)'> (0x000000008b86e768) 
thrown [s\src\hotspot\share\interpreter\linkResolver.cpp, line 759]
Event: 0.298 Thread 0x0000024c4aac7c00 Exception <a 'java/lang/ClassNotFoundException'{0x000000008b7268d0}: com/sun/swing/internal/plaf/metal/resources/spi/metalProvider> (0x000000008b7268d0) 
thrown [s\src\hotspot\share\classfile\systemDictionary.cpp, line 256]
Event: 0.299 Thread 0x0000024c4aac7c00 Exception <a 'java/lang/ClassNotFoundException'{0x000000008b72a7a8}: com/sun/swing/internal/plaf/basic/resources/spi/basicProvider> (0x000000008b72a7a8) 
thrown [s\src\hotspot\share\classfile\systemDictionary.cpp, line 256]
Event: 0.312 Thread 0x0000024c6794e250 Exception <a 'java/lang/NoSuchMethodError'{0x000000008b781f88}: 'java.lang.Object java.lang.invoke.DirectMethodHandle$Holder.newInvokeSpecial(java.lang.Object, java.lang.Object, java.lang.Object, int, int, int, int, int)'> (0x000000008b781f88) 
thrown [s\src\hotspot\share\interpreter\linkResolver.cpp, line 759]
Event: 0.486 Thread 0x0000024c678bb660 Exception <a 'java/lang/NoSuchMethodError'{0x000000008b985bf8}: 'void java.lang.invoke.DirectMethodHandle$Holder.invokeVirtual(java.lang.Object, java.lang.Object)'> (0x000000008b985bf8) 
thrown [s\src\hotspot\share\interpreter\linkResolver.cpp, line 759]
Event: 0.497 Thread 0x0000024c4aac7c00 Exception <a 'java/lang/NoSuchMethodError'{0x000000008b482140}: 'void java.lang.invoke.DirectMethodHandle$Holder.invokeStaticInit(java.lang.Object)'> (0x000000008b482140) 
thrown [s\src\hotspot\share\interpreter\linkResolver.cpp, line 759]

VM Operations (20 events):
Event: 1.658 Executing VM operation: Cleanup
Event: 1.658 Executing VM operation: Cleanup done
Event: 2.670 Executing VM operation: Cleanup
Event: 2.670 Executing VM operation: Cleanup done
Event: 81.589 Executing VM operation: Cleanup
Event: 81.589 Executing VM operation: Cleanup done
Event: 91.696 Executing VM operation: Cleanup
Event: 91.697 Executing VM operation: Cleanup done
Event: 92.705 Executing VM operation: Cleanup
Event: 92.705 Executing VM operation: Cleanup done
Event: 93.714 Executing VM operation: Cleanup
Event: 93.714 Executing VM operation: Cleanup done
Event: 94.719 Executing VM operation: Cleanup
Event: 94.719 Executing VM operation: Cleanup done
Event: 100.783 Executing VM operation: Cleanup
Event: 100.784 Executing VM operation: Cleanup done
Event: 101.796 Executing VM operation: Cleanup
Event: 101.796 Executing VM operation: Cleanup done
Event: 113.908 Executing VM operation: Cleanup
Event: 113.908 Executing VM operation: Cleanup done

Events (20 events):
Event: 1.743 loading class java/time/temporal/ChronoUnit done
Event: 1.743 loading class java/time/Duration
Event: 1.743 loading class java/time/temporal/TemporalAmount
Event: 1.743 loading class java/time/temporal/TemporalAmount done
Event: 1.743 loading class java/time/Duration done
Event: 1.744 loading class java/math/BigInteger
Event: 1.744 loading class java/math/BigInteger done
Event: 2.249 loading class javax/swing/Timer$1
Event: 2.250 loading class javax/swing/Timer$1 done
Event: 5.319 Thread 0x0000024c6794e250 Thread exited: 0x0000024c6794e250
Event: 81.517 loading class java/awt/LightweightDispatcher$2
Event: 81.517 loading class java/awt/LightweightDispatcher$2 done
Event: 113.845 loading class java/awt/KeyboardFocusManager$2
Event: 113.845 loading class java/awt/KeyboardFocusManager$2 done
Event: 1862.791 loading class java/util/Collections$SynchronizedSet
Event: 1862.791 loading class java/util/Collections$SynchronizedSet done
Event: 1862.791 loading class java/util/WeakHashMap$KeyIterator
Event: 1862.791 loading class java/util/WeakHashMap$HashIterator
Event: 1862.792 loading class java/util/WeakHashMap$HashIterator done
Event: 1862.792 loading class java/util/WeakHashMap$KeyIterator done


Dynamic libraries:
0x00007ff622120000 - 0x00007ff62212e000 	C:\Users\Simrika\.p2\pool\plugins\org.eclipse.justj.openjdk.hotspot.jre.full.win32.x86_64_17.0.5.v20221102-0933\jre\bin\javaw.exe
0x00007ffe3a750000 - 0x00007ffe3a964000 	C:\WINDOWS\SYSTEM32\ntdll.dll
0x00007ffe39770000 - 0x00007ffe39832000 	C:\WINDOWS\System32\KERNEL32.DLL
0x00007ffe37f50000 - 0x00007ffe382ec000 	C:\WINDOWS\System32\KERNELBASE.dll
0x00007ffe37b90000 - 0x00007ffe37ca1000 	C:\WINDOWS\System32\ucrtbase.dll
0x00007ffe25250000 - 0x00007ffe25267000 	C:\Users\Simrika\.p2\pool\plugins\org.eclipse.justj.openjdk.hotspot.jre.full.win32.x86_64_17.0.5.v20221102-0933\jre\bin\jli.dll
0x00007ffe39d70000 - 0x00007ffe39f1b000 	C:\WINDOWS\System32\USER32.dll
0x00007ffe25230000 - 0x00007ffe25249000 	C:\Users\Simrika\.p2\pool\plugins\org.eclipse.justj.openjdk.hotspot.jre.full.win32.x86_64_17.0.5.v20221102-0933\jre\bin\VCRUNTIME140.dll
0x00007ffe382f0000 - 0x00007ffe38316000 	C:\WINDOWS\System32\win32u.dll
0x00007ffe39070000 - 0x00007ffe39099000 	C:\WINDOWS\System32\GDI32.dll
0x00007ffe38320000 - 0x00007ffe38433000 	C:\WINDOWS\System32\gdi32full.dll
0x00007ffe231f0000 - 0x00007ffe2347e000 	C:\WINDOWS\WinSxS\amd64_microsoft.windows.common-controls_6595b64144ccf1df_6.0.22621.608_none_a9444ca7c10bb01d\COMCTL32.dll
0x00007ffe38440000 - 0x00007ffe384da000 	C:\WINDOWS\System32\msvcp_win.dll
0x00007ffe3a660000 - 0x00007ffe3a707000 	C:\WINDOWS\System32\msvcrt.dll
0x00007ffe39c50000 - 0x00007ffe39c81000 	C:\WINDOWS\System32\IMM32.DLL
0x00007ffe25b30000 - 0x00007ffe25b3c000 	C:\Users\Simrika\.p2\pool\plugins\org.eclipse.justj.openjdk.hotspot.jre.full.win32.x86_64_17.0.5.v20221102-0933\jre\bin\vcruntime140_1.dll
0x00007ffe24c20000 - 0x00007ffe24cb1000 	C:\Users\Simrika\.p2\pool\plugins\org.eclipse.justj.openjdk.hotspot.jre.full.win32.x86_64_17.0.5.v20221102-0933\jre\bin\msvcp140.dll
0x00007ffde49f0000 - 0x00007ffde5634000 	C:\Users\Simrika\.p2\pool\plugins\org.eclipse.justj.openjdk.hotspot.jre.full.win32.x86_64_17.0.5.v20221102-0933\jre\bin\server\jvm.dll
0x00007ffe38560000 - 0x00007ffe3860e000 	C:\WINDOWS\System32\ADVAPI32.dll
0x00007ffe39120000 - 0x00007ffe391c4000 	C:\WINDOWS\System32\sechost.dll
0x00007ffe39f30000 - 0x00007ffe3a047000 	C:\WINDOWS\System32\RPCRT4.dll
0x00007ffe2e420000 - 0x00007ffe2e454000 	C:\WINDOWS\SYSTEM32\WINMM.dll
0x00007ffe126d0000 - 0x00007ffe126d9000 	C:\WINDOWS\SYSTEM32\WSOCK32.dll
0x00007ffe3a100000 - 0x00007ffe3a171000 	C:\WINDOWS\System32\WS2_32.dll
0x00007ffe2e670000 - 0x00007ffe2e67a000 	C:\WINDOWS\SYSTEM32\VERSION.dll
0x00007ffe36cd0000 - 0x00007ffe36ce8000 	C:\WINDOWS\SYSTEM32\kernel.appcore.dll
0x00007ffe306d0000 - 0x00007ffe306da000 	C:\Users\Simrika\.p2\pool\plugins\org.eclipse.justj.openjdk.hotspot.jre.full.win32.x86_64_17.0.5.v20221102-0933\jre\bin\jimage.dll
0x00007ffe35300000 - 0x00007ffe3552e000 	C:\WINDOWS\SYSTEM32\DBGHELP.DLL
0x00007ffe393e0000 - 0x00007ffe39769000 	C:\WINDOWS\System32\combase.dll
0x00007ffe39b00000 - 0x00007ffe39bd7000 	C:\WINDOWS\System32\OLEAUT32.dll
0x00007ffe25ad0000 - 0x00007ffe25b02000 	C:\WINDOWS\SYSTEM32\dbgcore.DLL
0x00007ffe384e0000 - 0x00007ffe3855b000 	C:\WINDOWS\System32\bcryptPrimitives.dll
0x00007ffe2fca0000 - 0x00007ffe2fcc5000 	C:\Users\Simrika\.p2\pool\plugins\org.eclipse.justj.openjdk.hotspot.jre.full.win32.x86_64_17.0.5.v20221102-0933\jre\bin\java.dll
0x00007ffe295c0000 - 0x00007ffe295d8000 	C:\Users\Simrika\.p2\pool\plugins\org.eclipse.justj.openjdk.hotspot.jre.full.win32.x86_64_17.0.5.v20221102-0933\jre\bin\zip.dll
0x00007ffe38640000 - 0x00007ffe38e30000 	C:\WINDOWS\System32\SHELL32.dll
0x00007ffe35bb0000 - 0x00007ffe3647d000 	C:\WINDOWS\SYSTEM32\windows.storage.dll
0x00007ffe35a70000 - 0x00007ffe35bae000 	C:\WINDOWS\SYSTEM32\wintypes.dll
0x00007ffe391d0000 - 0x00007ffe392c1000 	C:\WINDOWS\System32\SHCORE.dll
0x00007ffe39010000 - 0x00007ffe3906e000 	C:\WINDOWS\System32\shlwapi.dll
0x00007ffe37ac0000 - 0x00007ffe37ae1000 	C:\WINDOWS\SYSTEM32\profapi.dll
0x00007ffe25b40000 - 0x00007ffe25b59000 	C:\Users\Simrika\.p2\pool\plugins\org.eclipse.justj.openjdk.hotspot.jre.full.win32.x86_64_17.0.5.v20221102-0933\jre\bin\net.dll
0x00007ffe2ff00000 - 0x00007ffe30037000 	C:\WINDOWS\SYSTEM32\WINHTTP.dll
0x00007ffe37140000 - 0x00007ffe371a9000 	C:\WINDOWS\system32\mswsock.dll
0x00007ffe25210000 - 0x00007ffe25225000 	C:\Users\Simrika\.p2\pool\plugins\org.eclipse.justj.openjdk.hotspot.jre.full.win32.x86_64_17.0.5.v20221102-0933\jre\bin\nio.dll
0x00007ffe07950000 - 0x00007ffe07ade000 	C:\Users\Simrika\.p2\pool\plugins\org.eclipse.justj.openjdk.hotspot.jre.full.win32.x86_64_17.0.5.v20221102-0933\jre\bin\awt.dll
0x00007ffe32270000 - 0x00007ffe32306000 	C:\WINDOWS\SYSTEM32\apphelp.dll
0x00007ffe327b0000 - 0x00007ffe327db000 	C:\WINDOWS\system32\DWMAPI.DLL
0x00007ffe32380000 - 0x00007ffe3242b000 	C:\WINDOWS\system32\uxtheme.dll
0x00007ffdf6f20000 - 0x00007ffdf7020000 	C:\WINDOWS\system32\opengl32.dll
0x00007ffdf8fb0000 - 0x00007ffdf8fdd000 	C:\WINDOWS\SYSTEM32\GLU32.dll
0x00007ffe34ff0000 - 0x00007ffe35026000 	C:\WINDOWS\SYSTEM32\dxcore.dll
0x00007ffe399e0000 - 0x00007ffe39afe000 	C:\WINDOWS\System32\MSCTF.dll
0x00007ffe39840000 - 0x00007ffe399dc000 	C:\WINDOWS\System32\ole32.dll
0x00007ffe24b60000 - 0x00007ffe24b8d000 	C:\Users\Simrika\.p2\pool\plugins\org.eclipse.justj.openjdk.hotspot.jre.full.win32.x86_64_17.0.5.v20221102-0933\jre\bin\javajpeg.dll
0x00007ffe24b90000 - 0x00007ffe24c16000 	C:\Users\Simrika\.p2\pool\plugins\org.eclipse.justj.openjdk.hotspot.jre.full.win32.x86_64_17.0.5.v20221102-0933\jre\bin\freetype.dll
0x00007ffe14920000 - 0x00007ffe149e5000 	C:\Users\Simrika\.p2\pool\plugins\org.eclipse.justj.openjdk.hotspot.jre.full.win32.x86_64_17.0.5.v20221102-0933\jre\bin\fontmanager.dll
0x00007ffe3a050000 - 0x00007ffe3a100000 	C:\WINDOWS\System32\clbcatq.dll
0x00007ffe308e0000 - 0x00007ffe30a90000 	C:\WINDOWS\SYSTEM32\WindowsCodecs.dll
0x00007ffdf3f80000 - 0x00007ffdf3fde000 	C:\WINDOWS\system32\dataexchange.dll
0x00007ffe2cd70000 - 0x00007ffe2cfda000 	C:\WINDOWS\system32\twinapi.appcore.dll
0x00007ffe19b70000 - 0x00007ffe19c9e000 	C:\WINDOWS\SYSTEM32\textinputframework.dll
0x00007ffe31f90000 - 0x00007ffe320c3000 	C:\WINDOWS\SYSTEM32\CoreMessaging.dll
0x00007ffe2de20000 - 0x00007ffe2e18c000 	C:\WINDOWS\SYSTEM32\CoreUIComponents.dll
0x00007ffe373c0000 - 0x00007ffe373cc000 	C:\WINDOWS\SYSTEM32\CRYPTBASE.DLL

dbghelp: loaded successfully - version: 4.0.5 - missing functions: none
symbol engine: initialized successfully - sym options: 0x614 - pdb path: .;C:\Users\Simrika\.p2\pool\plugins\org.eclipse.justj.openjdk.hotspot.jre.full.win32.x86_64_17.0.5.v20221102-0933\jre\bin;C:\WINDOWS\SYSTEM32;C:\WINDOWS\WinSxS\amd64_microsoft.windows.common-controls_6595b64144ccf1df_6.0.22621.608_none_a9444ca7c10bb01d;C:\Users\Simrika\.p2\pool\plugins\org.eclipse.justj.openjdk.hotspot.jre.full.win32.x86_64_17.0.5.v20221102-0933\jre\bin\server

VM Arguments:
jvm_args: -Dfile.encoding=UTF-8 -XX:+ShowCodeDetailsInExceptionMessages 
java_command: view.Jtable
java_class_path (initial): C:\Users\Simrika\eclipse-workspacee\Assignment\bin;C:\Users\Simrika\Desktop\mysql-connector-j-8.0.32.jar;C:\Users\Simrika\Downloads\jcalendar-1.4\lib\jcalendar-1.4.jar
Launcher Type: SUN_STANDARD

[Global flags]
     intx CICompilerCount                          = 4                                         {product} {ergonomic}
     uint ConcGCThreads                            = 2                                         {product} {ergonomic}
     uint G1ConcRefinementThreads                  = 8                                         {product} {ergonomic}
   size_t G1HeapRegionSize                         = 1048576                                   {product} {ergonomic}
    uintx GCDrainStackTargetSize                   = 64                                        {product} {ergonomic}
   size_t InitialHeapSize                          = 130023424                                 {product} {ergonomic}
   size_t MarkStackSize                            = 4194304                                   {product} {ergonomic}
   size_t MaxHeapSize                              = 2080374784                                {product} {ergonomic}
   size_t MaxNewSize                               = 1247805440                                {product} {ergonomic}
   size_t MinHeapDeltaBytes                        = 1048576                                   {product} {ergonomic}
   size_t MinHeapSize                              = 8388608                                   {product} {ergonomic}
    uintx NonNMethodCodeHeapSize                   = 5839372                                {pd product} {ergonomic}
    uintx NonProfiledCodeHeapSize                  = 122909434                              {pd product} {ergonomic}
    uintx ProfiledCodeHeapSize                     = 122909434                              {pd product} {ergonomic}
    uintx ReservedCodeCacheSize                    = 251658240                              {pd product} {ergonomic}
     bool SegmentedCodeCache                       = true                                      {product} {ergonomic}
     bool ShowCodeDetailsInExceptionMessages       = true                                   {manageable} {command line}
   size_t SoftMaxHeapSize                          = 2080374784                             {manageable} {ergonomic}
     bool UseCompressedClassPointers               = true                           {product lp64_product} {ergonomic}
     bool UseCompressedOops                        = true                           {product lp64_product} {ergonomic}
     bool UseG1GC                                  = true                                      {product} {ergonomic}
     bool UseLargePagesIndividualAllocation        = false                                  {pd product} {ergonomic}

Logging:
Log output configuration:
 #0: stdout all=warning uptime,level,tags
 #1: stderr all=off uptime,level,tags

Environment Variables:
PATH=C:/Users/Simrika/.p2/pool/plugins/org.eclipse.justj.openjdk.hotspot.jre.full.win32.x86_64_17.0.5.v20221102-0933/jre/bin/server;C:/Users/Simrika/.p2/pool/plugins/org.eclipse.justj.openjdk.hotspot.jre.full.win32.x86_64_17.0.5.v20221102-0933/jre/bin;C:\Program Files\Common Files\Oracle\Java\javapath;C:\windows\system32;C:\windows;C:\windows\System32\Wbem;C:\windows\System32\WindowsPowerShell\v1.0\;C:\windows\System32\OpenSSH\;C:\Program Files (x86)\NVIDIA Corporation\PhysX\Common;C:\Program Files\NVIDIA Corporation\NVIDIA NvDLISR;C:\Program Files\nodejs\;C:\WINDOWS\system32;C:\WINDOWS;C:\WINDOWS\System32\Wbem;C:\WINDOWS\System32\WindowsPowerShell\v1.0\;C:\WINDOWS\System32\OpenSSH\;C:\Users\Simrika\AppData\Local\Microsoft\WindowsApps;;C:\Users\Simrika\AppData\Local\Programs\Microsoft VS Code\bin;C:\Users\Simrika\AppData\Roaming\npm;C:\WINDOWS\system32;
USERNAME=Simrika
OS=Windows_NT
PROCESSOR_IDENTIFIER=Intel64 Family 6 Model 140 Stepping 1, GenuineIntel
TMP=C:\Users\Simrika\AppData\Local\Temp
TEMP=C:\Users\Simrika\AppData\Local\Temp



---------------  S Y S T E M  ---------------

OS:
 Windows 11 , 64 bit Build 22621 (10.0.22621.1485)
OS uptime: 0 days 1:54 hours

CPU: total 8 (initial active 8) (4 cores per cpu, 2 threads per core) family 6 model 140 stepping 1 microcode 0x86, cx8, cmov, fxsr, ht, mmx, 3dnowpref, sse, sse2, sse3, ssse3, sse4.1, sse4.2, popcnt, lzcnt, tsc, tscinvbit, avx, avx2, aes, erms, clmul, bmi1, bmi2, adx, avx512f, avx512dq, avx512cd, avx512bw, avx512vl, sha, fma, vzeroupper, avx512_vpopcntdq, avx512_vpclmulqdq, avx512_vaes, avx512_vnni, clflush, clflushopt, clwb, avx512_vbmi2, avx512_vbmi

Memory: 4k page, system-wide physical 7932M (377M free)
TotalPageFile size 32508M (AvailPageFile size 0M)
current process WorkingSet (physical memory assigned to process): 79M, peak: 84M
current process commit charge ("private bytes"): 223M, peak: 228M

vm_info: OpenJDK 64-Bit Server VM (17.0.5+8) for windows-amd64 JRE (17.0.5+8), built on Oct 19 2022 04:48:13 by "temurin" with MS VC++ 16.7 (VS2019)

END.
